<?xml version="1.0" encoding="UTF-8"?>
<testsuite xmlns:xsi="http://www.w3.org/2001/XMLSchema-instance" xsi:noNamespaceSchemaLocation="https://maven.apache.org/surefire/maven-surefire-plugin/xsd/surefire-test-report-3.0.xsd" version="3.0" name="SparkTest.Assignment1Test" time="27.284" tests="2" errors="0" skipped="0" failures="0">
  <properties>
    <property name="sun.desktop" value="windows"/>
    <property name="awt.toolkit" value="sun.awt.windows.WToolkit"/>
    <property name="file.encoding.pkg" value="sun.io"/>
    <property name="java.specification.version" value="1.8"/>
    <property name="sun.cpu.isalist" value="amd64"/>
    <property name="sun.jnu.encoding" value="Cp1252"/>
    <property name="java.class.path" value="C:\Users\ssshi\IdeaProjects\Assignment 1\target\test-classes;C:\Users\ssshi\IdeaProjects\Assignment 1\target\classes;C:\Users\ssshi\.m2\repository\org\apache\spark\spark-sql_2.12\3.4.1\spark-sql_2.12-3.4.1.jar;C:\Users\ssshi\.m2\repository\org\rocksdb\rocksdbjni\7.9.2\rocksdbjni-7.9.2.jar;C:\Users\ssshi\.m2\repository\com\univocity\univocity-parsers\2.9.1\univocity-parsers-2.9.1.jar;C:\Users\ssshi\.m2\repository\org\apache\spark\spark-sketch_2.12\3.4.1\spark-sketch_2.12-3.4.1.jar;C:\Users\ssshi\.m2\repository\org\apache\spark\spark-core_2.12\3.4.1\spark-core_2.12-3.4.1.jar;C:\Users\ssshi\.m2\repository\org\apache\avro\avro\1.11.1\avro-1.11.1.jar;C:\Users\ssshi\.m2\repository\org\apache\avro\avro-mapred\1.11.1\avro-mapred-1.11.1.jar;C:\Users\ssshi\.m2\repository\org\apache\avro\avro-ipc\1.11.1\avro-ipc-1.11.1.jar;C:\Users\ssshi\.m2\repository\org\tukaani\xz\1.9\xz-1.9.jar;C:\Users\ssshi\.m2\repository\com\twitter\chill_2.12\0.10.0\chill_2.12-0.10.0.jar;C:\Users\ssshi\.m2\repository\com\esotericsoftware\kryo-shaded\4.0.2\kryo-shaded-4.0.2.jar;C:\Users\ssshi\.m2\repository\com\esotericsoftware\minlog\1.3.0\minlog-1.3.0.jar;C:\Users\ssshi\.m2\repository\org\objenesis\objenesis\2.5.1\objenesis-2.5.1.jar;C:\Users\ssshi\.m2\repository\com\twitter\chill-java\0.10.0\chill-java-0.10.0.jar;C:\Users\ssshi\.m2\repository\org\apache\hadoop\hadoop-client-api\3.3.4\hadoop-client-api-3.3.4.jar;C:\Users\ssshi\.m2\repository\org\apache\hadoop\hadoop-client-runtime\3.3.4\hadoop-client-runtime-3.3.4.jar;C:\Users\ssshi\.m2\repository\commons-logging\commons-logging\1.1.3\commons-logging-1.1.3.jar;C:\Users\ssshi\.m2\repository\org\apache\spark\spark-launcher_2.12\3.4.1\spark-launcher_2.12-3.4.1.jar;C:\Users\ssshi\.m2\repository\org\apache\spark\spark-kvstore_2.12\3.4.1\spark-kvstore_2.12-3.4.1.jar;C:\Users\ssshi\.m2\repository\org\fusesource\leveldbjni\leveldbjni-all\1.8\leveldbjni-all-1.8.jar;C:\Users\ssshi\.m2\repository\org\apache\spark\spark-network-common_2.12\3.4.1\spark-network-common_2.12-3.4.1.jar;C:\Users\ssshi\.m2\repository\com\google\crypto\tink\tink\1.7.0\tink-1.7.0.jar;C:\Users\ssshi\.m2\repository\com\google\code\gson\gson\2.8.9\gson-2.8.9.jar;C:\Users\ssshi\.m2\repository\org\apache\spark\spark-network-shuffle_2.12\3.4.1\spark-network-shuffle_2.12-3.4.1.jar;C:\Users\ssshi\.m2\repository\org\apache\spark\spark-unsafe_2.12\3.4.1\spark-unsafe_2.12-3.4.1.jar;C:\Users\ssshi\.m2\repository\javax\activation\activation\1.1.1\activation-1.1.1.jar;C:\Users\ssshi\.m2\repository\org\apache\curator\curator-recipes\2.13.0\curator-recipes-2.13.0.jar;C:\Users\ssshi\.m2\repository\org\apache\curator\curator-framework\2.13.0\curator-framework-2.13.0.jar;C:\Users\ssshi\.m2\repository\org\apache\curator\curator-client\2.13.0\curator-client-2.13.0.jar;C:\Users\ssshi\.m2\repository\com\google\guava\guava\16.0.1\guava-16.0.1.jar;C:\Users\ssshi\.m2\repository\org\apache\zookeeper\zookeeper\3.6.3\zookeeper-3.6.3.jar;C:\Users\ssshi\.m2\repository\org\apache\zookeeper\zookeeper-jute\3.6.3\zookeeper-jute-3.6.3.jar;C:\Users\ssshi\.m2\repository\jakarta\servlet\jakarta.servlet-api\4.0.3\jakarta.servlet-api-4.0.3.jar;C:\Users\ssshi\.m2\repository\commons-codec\commons-codec\1.15\commons-codec-1.15.jar;C:\Users\ssshi\.m2\repository\org\apache\commons\commons-compress\1.22\commons-compress-1.22.jar;C:\Users\ssshi\.m2\repository\org\apache\commons\commons-lang3\3.12.0\commons-lang3-3.12.0.jar;C:\Users\ssshi\.m2\repository\org\apache\commons\commons-math3\3.6.1\commons-math3-3.6.1.jar;C:\Users\ssshi\.m2\repository\org\apache\commons\commons-text\1.10.0\commons-text-1.10.0.jar;C:\Users\ssshi\.m2\repository\commons-io\commons-io\2.11.0\commons-io-2.11.0.jar;C:\Users\ssshi\.m2\repository\commons-collections\commons-collections\3.2.2\commons-collections-3.2.2.jar;C:\Users\ssshi\.m2\repository\org\apache\commons\commons-collections4\4.4\commons-collections4-4.4.jar;C:\Users\ssshi\.m2\repository\com\google\code\findbugs\jsr305\3.0.0\jsr305-3.0.0.jar;C:\Users\ssshi\.m2\repository\org\slf4j\slf4j-api\2.0.6\slf4j-api-2.0.6.jar;C:\Users\ssshi\.m2\repository\org\slf4j\jul-to-slf4j\2.0.6\jul-to-slf4j-2.0.6.jar;C:\Users\ssshi\.m2\repository\org\slf4j\jcl-over-slf4j\2.0.6\jcl-over-slf4j-2.0.6.jar;C:\Users\ssshi\.m2\repository\org\apache\logging\log4j\log4j-slf4j2-impl\2.19.0\log4j-slf4j2-impl-2.19.0.jar;C:\Users\ssshi\.m2\repository\org\apache\logging\log4j\log4j-api\2.19.0\log4j-api-2.19.0.jar;C:\Users\ssshi\.m2\repository\org\apache\logging\log4j\log4j-core\2.19.0\log4j-core-2.19.0.jar;C:\Users\ssshi\.m2\repository\org\apache\logging\log4j\log4j-1.2-api\2.19.0\log4j-1.2-api-2.19.0.jar;C:\Users\ssshi\.m2\repository\com\ning\compress-lzf\1.1.2\compress-lzf-1.1.2.jar;C:\Users\ssshi\.m2\repository\org\xerial\snappy\snappy-java\1.1.10.1\snappy-java-1.1.10.1.jar;C:\Users\ssshi\.m2\repository\org\lz4\lz4-java\1.8.0\lz4-java-1.8.0.jar;C:\Users\ssshi\.m2\repository\com\github\luben\zstd-jni\1.5.2-5\zstd-jni-1.5.2-5.jar;C:\Users\ssshi\.m2\repository\org\roaringbitmap\RoaringBitmap\0.9.38\RoaringBitmap-0.9.38.jar;C:\Users\ssshi\.m2\repository\org\roaringbitmap\shims\0.9.38\shims-0.9.38.jar;C:\Users\ssshi\.m2\repository\org\scala-lang\modules\scala-xml_2.12\2.1.0\scala-xml_2.12-2.1.0.jar;C:\Users\ssshi\.m2\repository\org\scala-lang\scala-library\2.12.17\scala-library-2.12.17.jar;C:\Users\ssshi\.m2\repository\org\scala-lang\scala-reflect\2.12.17\scala-reflect-2.12.17.jar;C:\Users\ssshi\.m2\repository\org\json4s\json4s-jackson_2.12\3.7.0-M11\json4s-jackson_2.12-3.7.0-M11.jar;C:\Users\ssshi\.m2\repository\org\json4s\json4s-core_2.12\3.7.0-M11\json4s-core_2.12-3.7.0-M11.jar;C:\Users\ssshi\.m2\repository\org\json4s\json4s-ast_2.12\3.7.0-M11\json4s-ast_2.12-3.7.0-M11.jar;C:\Users\ssshi\.m2\repository\org\json4s\json4s-scalap_2.12\3.7.0-M11\json4s-scalap_2.12-3.7.0-M11.jar;C:\Users\ssshi\.m2\repository\org\glassfish\jersey\core\jersey-client\2.36\jersey-client-2.36.jar;C:\Users\ssshi\.m2\repository\jakarta\ws\rs\jakarta.ws.rs-api\2.1.6\jakarta.ws.rs-api-2.1.6.jar;C:\Users\ssshi\.m2\repository\org\glassfish\hk2\external\jakarta.inject\2.6.1\jakarta.inject-2.6.1.jar;C:\Users\ssshi\.m2\repository\org\glassfish\jersey\core\jersey-common\2.36\jersey-common-2.36.jar;C:\Users\ssshi\.m2\repository\jakarta\annotation\jakarta.annotation-api\1.3.5\jakarta.annotation-api-1.3.5.jar;C:\Users\ssshi\.m2\repository\org\glassfish\hk2\osgi-resource-locator\1.0.3\osgi-resource-locator-1.0.3.jar;C:\Users\ssshi\.m2\repository\org\glassfish\jersey\core\jersey-server\2.36\jersey-server-2.36.jar;C:\Users\ssshi\.m2\repository\jakarta\validation\jakarta.validation-api\2.0.2\jakarta.validation-api-2.0.2.jar;C:\Users\ssshi\.m2\repository\org\glassfish\jersey\containers\jersey-container-servlet\2.36\jersey-container-servlet-2.36.jar;C:\Users\ssshi\.m2\repository\org\glassfish\jersey\containers\jersey-container-servlet-core\2.36\jersey-container-servlet-core-2.36.jar;C:\Users\ssshi\.m2\repository\org\glassfish\jersey\inject\jersey-hk2\2.36\jersey-hk2-2.36.jar;C:\Users\ssshi\.m2\repository\org\glassfish\hk2\hk2-locator\2.6.1\hk2-locator-2.6.1.jar;C:\Users\ssshi\.m2\repository\org\glassfish\hk2\external\aopalliance-repackaged\2.6.1\aopalliance-repackaged-2.6.1.jar;C:\Users\ssshi\.m2\repository\org\glassfish\hk2\hk2-api\2.6.1\hk2-api-2.6.1.jar;C:\Users\ssshi\.m2\repository\org\glassfish\hk2\hk2-utils\2.6.1\hk2-utils-2.6.1.jar;C:\Users\ssshi\.m2\repository\org\javassist\javassist\3.25.0-GA\javassist-3.25.0-GA.jar;C:\Users\ssshi\.m2\repository\io\netty\netty-all\4.1.87.Final\netty-all-4.1.87.Final.jar;C:\Users\ssshi\.m2\repository\io\netty\netty-buffer\4.1.87.Final\netty-buffer-4.1.87.Final.jar;C:\Users\ssshi\.m2\repository\io\netty\netty-codec\4.1.87.Final\netty-codec-4.1.87.Final.jar;C:\Users\ssshi\.m2\repository\io\netty\netty-codec-http\4.1.87.Final\netty-codec-http-4.1.87.Final.jar;C:\Users\ssshi\.m2\repository\io\netty\netty-codec-http2\4.1.87.Final\netty-codec-http2-4.1.87.Final.jar;C:\Users\ssshi\.m2\repository\io\netty\netty-codec-socks\4.1.87.Final\netty-codec-socks-4.1.87.Final.jar;C:\Users\ssshi\.m2\repository\io\netty\netty-common\4.1.87.Final\netty-common-4.1.87.Final.jar;C:\Users\ssshi\.m2\repository\io\netty\netty-handler\4.1.87.Final\netty-handler-4.1.87.Final.jar;C:\Users\ssshi\.m2\repository\io\netty\netty-transport-native-unix-common\4.1.87.Final\netty-transport-native-unix-common-4.1.87.Final.jar;C:\Users\ssshi\.m2\repository\io\netty\netty-handler-proxy\4.1.87.Final\netty-handler-proxy-4.1.87.Final.jar;C:\Users\ssshi\.m2\repository\io\netty\netty-resolver\4.1.87.Final\netty-resolver-4.1.87.Final.jar;C:\Users\ssshi\.m2\repository\io\netty\netty-transport\4.1.87.Final\netty-transport-4.1.87.Final.jar;C:\Users\ssshi\.m2\repository\io\netty\netty-transport-classes-epoll\4.1.87.Final\netty-transport-classes-epoll-4.1.87.Final.jar;C:\Users\ssshi\.m2\repository\io\netty\netty-transport-classes-kqueue\4.1.87.Final\netty-transport-classes-kqueue-4.1.87.Final.jar;C:\Users\ssshi\.m2\repository\io\netty\netty-transport-native-epoll\4.1.87.Final\netty-transport-native-epoll-4.1.87.Final-linux-x86_64.jar;C:\Users\ssshi\.m2\repository\io\netty\netty-transport-native-epoll\4.1.87.Final\netty-transport-native-epoll-4.1.87.Final-linux-aarch_64.jar;C:\Users\ssshi\.m2\repository\io\netty\netty-transport-native-kqueue\4.1.87.Final\netty-transport-native-kqueue-4.1.87.Final-osx-aarch_64.jar;C:\Users\ssshi\.m2\repository\io\netty\netty-transport-native-kqueue\4.1.87.Final\netty-transport-native-kqueue-4.1.87.Final-osx-x86_64.jar;C:\Users\ssshi\.m2\repository\com\clearspring\analytics\stream\2.9.6\stream-2.9.6.jar;C:\Users\ssshi\.m2\repository\io\dropwizard\metrics\metrics-core\4.2.15\metrics-core-4.2.15.jar;C:\Users\ssshi\.m2\repository\io\dropwizard\metrics\metrics-jvm\4.2.15\metrics-jvm-4.2.15.jar;C:\Users\ssshi\.m2\repository\io\dropwizard\metrics\metrics-json\4.2.15\metrics-json-4.2.15.jar;C:\Users\ssshi\.m2\repository\io\dropwizard\metrics\metrics-graphite\4.2.15\metrics-graphite-4.2.15.jar;C:\Users\ssshi\.m2\repository\io\dropwizard\metrics\metrics-jmx\4.2.15\metrics-jmx-4.2.15.jar;C:\Users\ssshi\.m2\repository\com\fasterxml\jackson\module\jackson-module-scala_2.12\2.14.2\jackson-module-scala_2.12-2.14.2.jar;C:\Users\ssshi\.m2\repository\com\thoughtworks\paranamer\paranamer\2.8\paranamer-2.8.jar;C:\Users\ssshi\.m2\repository\org\apache\ivy\ivy\2.5.1\ivy-2.5.1.jar;C:\Users\ssshi\.m2\repository\oro\oro\2.0.8\oro-2.0.8.jar;C:\Users\ssshi\.m2\repository\net\razorvine\pickle\1.3\pickle-1.3.jar;C:\Users\ssshi\.m2\repository\net\sf\py4j\py4j\0.10.9.7\py4j-0.10.9.7.jar;C:\Users\ssshi\.m2\repository\org\apache\commons\commons-crypto\1.1.0\commons-crypto-1.1.0.jar;C:\Users\ssshi\.m2\repository\org\apache\spark\spark-catalyst_2.12\3.4.1\spark-catalyst_2.12-3.4.1.jar;C:\Users\ssshi\.m2\repository\org\scala-lang\modules\scala-parser-combinators_2.12\2.1.1\scala-parser-combinators_2.12-2.1.1.jar;C:\Users\ssshi\.m2\repository\org\codehaus\janino\janino\3.1.9\janino-3.1.9.jar;C:\Users\ssshi\.m2\repository\org\codehaus\janino\commons-compiler\3.1.9\commons-compiler-3.1.9.jar;C:\Users\ssshi\.m2\repository\org\antlr\antlr4-runtime\4.9.3\antlr4-runtime-4.9.3.jar;C:\Users\ssshi\.m2\repository\org\apache\arrow\arrow-vector\11.0.0\arrow-vector-11.0.0.jar;C:\Users\ssshi\.m2\repository\org\apache\arrow\arrow-format\11.0.0\arrow-format-11.0.0.jar;C:\Users\ssshi\.m2\repository\org\apache\arrow\arrow-memory-core\11.0.0\arrow-memory-core-11.0.0.jar;C:\Users\ssshi\.m2\repository\com\fasterxml\jackson\datatype\jackson-datatype-jsr310\2.13.4\jackson-datatype-jsr310-2.13.4.jar;C:\Users\ssshi\.m2\repository\com\google\flatbuffers\flatbuffers-java\1.12.0\flatbuffers-java-1.12.0.jar;C:\Users\ssshi\.m2\repository\org\apache\arrow\arrow-memory-netty\11.0.0\arrow-memory-netty-11.0.0.jar;C:\Users\ssshi\.m2\repository\org\apache\spark\spark-tags_2.12\3.4.1\spark-tags_2.12-3.4.1.jar;C:\Users\ssshi\.m2\repository\org\apache\orc\orc-core\1.8.4\orc-core-1.8.4-shaded-protobuf.jar;C:\Users\ssshi\.m2\repository\org\apache\orc\orc-shims\1.8.4\orc-shims-1.8.4.jar;C:\Users\ssshi\.m2\repository\io\airlift\aircompressor\0.21\aircompressor-0.21.jar;C:\Users\ssshi\.m2\repository\org\jetbrains\annotations\17.0.0\annotations-17.0.0.jar;C:\Users\ssshi\.m2\repository\org\threeten\threeten-extra\1.7.1\threeten-extra-1.7.1.jar;C:\Users\ssshi\.m2\repository\org\apache\orc\orc-mapreduce\1.8.4\orc-mapreduce-1.8.4-shaded-protobuf.jar;C:\Users\ssshi\.m2\repository\org\apache\hive\hive-storage-api\2.8.1\hive-storage-api-2.8.1.jar;C:\Users\ssshi\.m2\repository\org\apache\parquet\parquet-column\1.12.3\parquet-column-1.12.3.jar;C:\Users\ssshi\.m2\repository\org\apache\parquet\parquet-common\1.12.3\parquet-common-1.12.3.jar;C:\Users\ssshi\.m2\repository\org\apache\parquet\parquet-encoding\1.12.3\parquet-encoding-1.12.3.jar;C:\Users\ssshi\.m2\repository\org\apache\yetus\audience-annotations\0.13.0\audience-annotations-0.13.0.jar;C:\Users\ssshi\.m2\repository\org\apache\parquet\parquet-hadoop\1.12.3\parquet-hadoop-1.12.3.jar;C:\Users\ssshi\.m2\repository\org\apache\parquet\parquet-format-structures\1.12.3\parquet-format-structures-1.12.3.jar;C:\Users\ssshi\.m2\repository\org\apache\parquet\parquet-jackson\1.12.3\parquet-jackson-1.12.3.jar;C:\Users\ssshi\.m2\repository\com\fasterxml\jackson\core\jackson-databind\2.14.2\jackson-databind-2.14.2.jar;C:\Users\ssshi\.m2\repository\com\fasterxml\jackson\core\jackson-annotations\2.14.2\jackson-annotations-2.14.2.jar;C:\Users\ssshi\.m2\repository\com\fasterxml\jackson\core\jackson-core\2.14.2\jackson-core-2.14.2.jar;C:\Users\ssshi\.m2\repository\org\apache\xbean\xbean-asm9-shaded\4.22\xbean-asm9-shaded-4.22.jar;C:\Users\ssshi\.m2\repository\com\google\protobuf\protobuf-java\3.21.12\protobuf-java-3.21.12.jar;C:\Users\ssshi\.m2\repository\junit\junit\4.11\junit-4.11.jar;C:\Users\ssshi\.m2\repository\org\hamcrest\hamcrest-core\1.3\hamcrest-core-1.3.jar;"/>
    <property name="java.vm.vendor" value="Oracle Corporation"/>
    <property name="sun.arch.data.model" value="64"/>
    <property name="user.variant" value=""/>
    <property name="java.vendor.url" value="http://java.oracle.com/"/>
    <property name="user.timezone" value="Asia/Calcutta"/>
    <property name="java.vm.specification.version" value="1.8"/>
    <property name="os.name" value="Windows 10"/>
    <property name="user.country" value="IN"/>
    <property name="sun.java.launcher" value="SUN_STANDARD"/>
    <property name="sun.boot.library.path" value="C:\Program Files\Java\jdk1.8.0_202\jre\bin"/>
    <property name="sun.java.command" value="C:\Users\ssshi\AppData\Local\Temp\surefire762322547976056336\surefirebooter-20230809011609052_3.jar C:\Users\ssshi\AppData\Local\Temp\surefire762322547976056336 2023-08-09T01-16-05_546-jvmRun1 surefire-20230809011609052_1tmp surefire_0-20230809011609052_2tmp"/>
    <property name="surefire.test.class.path" value="C:\Users\ssshi\IdeaProjects\Assignment 1\target\test-classes;C:\Users\ssshi\IdeaProjects\Assignment 1\target\classes;C:\Users\ssshi\.m2\repository\org\apache\spark\spark-sql_2.12\3.4.1\spark-sql_2.12-3.4.1.jar;C:\Users\ssshi\.m2\repository\org\rocksdb\rocksdbjni\7.9.2\rocksdbjni-7.9.2.jar;C:\Users\ssshi\.m2\repository\com\univocity\univocity-parsers\2.9.1\univocity-parsers-2.9.1.jar;C:\Users\ssshi\.m2\repository\org\apache\spark\spark-sketch_2.12\3.4.1\spark-sketch_2.12-3.4.1.jar;C:\Users\ssshi\.m2\repository\org\apache\spark\spark-core_2.12\3.4.1\spark-core_2.12-3.4.1.jar;C:\Users\ssshi\.m2\repository\org\apache\avro\avro\1.11.1\avro-1.11.1.jar;C:\Users\ssshi\.m2\repository\org\apache\avro\avro-mapred\1.11.1\avro-mapred-1.11.1.jar;C:\Users\ssshi\.m2\repository\org\apache\avro\avro-ipc\1.11.1\avro-ipc-1.11.1.jar;C:\Users\ssshi\.m2\repository\org\tukaani\xz\1.9\xz-1.9.jar;C:\Users\ssshi\.m2\repository\com\twitter\chill_2.12\0.10.0\chill_2.12-0.10.0.jar;C:\Users\ssshi\.m2\repository\com\esotericsoftware\kryo-shaded\4.0.2\kryo-shaded-4.0.2.jar;C:\Users\ssshi\.m2\repository\com\esotericsoftware\minlog\1.3.0\minlog-1.3.0.jar;C:\Users\ssshi\.m2\repository\org\objenesis\objenesis\2.5.1\objenesis-2.5.1.jar;C:\Users\ssshi\.m2\repository\com\twitter\chill-java\0.10.0\chill-java-0.10.0.jar;C:\Users\ssshi\.m2\repository\org\apache\hadoop\hadoop-client-api\3.3.4\hadoop-client-api-3.3.4.jar;C:\Users\ssshi\.m2\repository\org\apache\hadoop\hadoop-client-runtime\3.3.4\hadoop-client-runtime-3.3.4.jar;C:\Users\ssshi\.m2\repository\commons-logging\commons-logging\1.1.3\commons-logging-1.1.3.jar;C:\Users\ssshi\.m2\repository\org\apache\spark\spark-launcher_2.12\3.4.1\spark-launcher_2.12-3.4.1.jar;C:\Users\ssshi\.m2\repository\org\apache\spark\spark-kvstore_2.12\3.4.1\spark-kvstore_2.12-3.4.1.jar;C:\Users\ssshi\.m2\repository\org\fusesource\leveldbjni\leveldbjni-all\1.8\leveldbjni-all-1.8.jar;C:\Users\ssshi\.m2\repository\org\apache\spark\spark-network-common_2.12\3.4.1\spark-network-common_2.12-3.4.1.jar;C:\Users\ssshi\.m2\repository\com\google\crypto\tink\tink\1.7.0\tink-1.7.0.jar;C:\Users\ssshi\.m2\repository\com\google\code\gson\gson\2.8.9\gson-2.8.9.jar;C:\Users\ssshi\.m2\repository\org\apache\spark\spark-network-shuffle_2.12\3.4.1\spark-network-shuffle_2.12-3.4.1.jar;C:\Users\ssshi\.m2\repository\org\apache\spark\spark-unsafe_2.12\3.4.1\spark-unsafe_2.12-3.4.1.jar;C:\Users\ssshi\.m2\repository\javax\activation\activation\1.1.1\activation-1.1.1.jar;C:\Users\ssshi\.m2\repository\org\apache\curator\curator-recipes\2.13.0\curator-recipes-2.13.0.jar;C:\Users\ssshi\.m2\repository\org\apache\curator\curator-framework\2.13.0\curator-framework-2.13.0.jar;C:\Users\ssshi\.m2\repository\org\apache\curator\curator-client\2.13.0\curator-client-2.13.0.jar;C:\Users\ssshi\.m2\repository\com\google\guava\guava\16.0.1\guava-16.0.1.jar;C:\Users\ssshi\.m2\repository\org\apache\zookeeper\zookeeper\3.6.3\zookeeper-3.6.3.jar;C:\Users\ssshi\.m2\repository\org\apache\zookeeper\zookeeper-jute\3.6.3\zookeeper-jute-3.6.3.jar;C:\Users\ssshi\.m2\repository\jakarta\servlet\jakarta.servlet-api\4.0.3\jakarta.servlet-api-4.0.3.jar;C:\Users\ssshi\.m2\repository\commons-codec\commons-codec\1.15\commons-codec-1.15.jar;C:\Users\ssshi\.m2\repository\org\apache\commons\commons-compress\1.22\commons-compress-1.22.jar;C:\Users\ssshi\.m2\repository\org\apache\commons\commons-lang3\3.12.0\commons-lang3-3.12.0.jar;C:\Users\ssshi\.m2\repository\org\apache\commons\commons-math3\3.6.1\commons-math3-3.6.1.jar;C:\Users\ssshi\.m2\repository\org\apache\commons\commons-text\1.10.0\commons-text-1.10.0.jar;C:\Users\ssshi\.m2\repository\commons-io\commons-io\2.11.0\commons-io-2.11.0.jar;C:\Users\ssshi\.m2\repository\commons-collections\commons-collections\3.2.2\commons-collections-3.2.2.jar;C:\Users\ssshi\.m2\repository\org\apache\commons\commons-collections4\4.4\commons-collections4-4.4.jar;C:\Users\ssshi\.m2\repository\com\google\code\findbugs\jsr305\3.0.0\jsr305-3.0.0.jar;C:\Users\ssshi\.m2\repository\org\slf4j\slf4j-api\2.0.6\slf4j-api-2.0.6.jar;C:\Users\ssshi\.m2\repository\org\slf4j\jul-to-slf4j\2.0.6\jul-to-slf4j-2.0.6.jar;C:\Users\ssshi\.m2\repository\org\slf4j\jcl-over-slf4j\2.0.6\jcl-over-slf4j-2.0.6.jar;C:\Users\ssshi\.m2\repository\org\apache\logging\log4j\log4j-slf4j2-impl\2.19.0\log4j-slf4j2-impl-2.19.0.jar;C:\Users\ssshi\.m2\repository\org\apache\logging\log4j\log4j-api\2.19.0\log4j-api-2.19.0.jar;C:\Users\ssshi\.m2\repository\org\apache\logging\log4j\log4j-core\2.19.0\log4j-core-2.19.0.jar;C:\Users\ssshi\.m2\repository\org\apache\logging\log4j\log4j-1.2-api\2.19.0\log4j-1.2-api-2.19.0.jar;C:\Users\ssshi\.m2\repository\com\ning\compress-lzf\1.1.2\compress-lzf-1.1.2.jar;C:\Users\ssshi\.m2\repository\org\xerial\snappy\snappy-java\1.1.10.1\snappy-java-1.1.10.1.jar;C:\Users\ssshi\.m2\repository\org\lz4\lz4-java\1.8.0\lz4-java-1.8.0.jar;C:\Users\ssshi\.m2\repository\com\github\luben\zstd-jni\1.5.2-5\zstd-jni-1.5.2-5.jar;C:\Users\ssshi\.m2\repository\org\roaringbitmap\RoaringBitmap\0.9.38\RoaringBitmap-0.9.38.jar;C:\Users\ssshi\.m2\repository\org\roaringbitmap\shims\0.9.38\shims-0.9.38.jar;C:\Users\ssshi\.m2\repository\org\scala-lang\modules\scala-xml_2.12\2.1.0\scala-xml_2.12-2.1.0.jar;C:\Users\ssshi\.m2\repository\org\scala-lang\scala-library\2.12.17\scala-library-2.12.17.jar;C:\Users\ssshi\.m2\repository\org\scala-lang\scala-reflect\2.12.17\scala-reflect-2.12.17.jar;C:\Users\ssshi\.m2\repository\org\json4s\json4s-jackson_2.12\3.7.0-M11\json4s-jackson_2.12-3.7.0-M11.jar;C:\Users\ssshi\.m2\repository\org\json4s\json4s-core_2.12\3.7.0-M11\json4s-core_2.12-3.7.0-M11.jar;C:\Users\ssshi\.m2\repository\org\json4s\json4s-ast_2.12\3.7.0-M11\json4s-ast_2.12-3.7.0-M11.jar;C:\Users\ssshi\.m2\repository\org\json4s\json4s-scalap_2.12\3.7.0-M11\json4s-scalap_2.12-3.7.0-M11.jar;C:\Users\ssshi\.m2\repository\org\glassfish\jersey\core\jersey-client\2.36\jersey-client-2.36.jar;C:\Users\ssshi\.m2\repository\jakarta\ws\rs\jakarta.ws.rs-api\2.1.6\jakarta.ws.rs-api-2.1.6.jar;C:\Users\ssshi\.m2\repository\org\glassfish\hk2\external\jakarta.inject\2.6.1\jakarta.inject-2.6.1.jar;C:\Users\ssshi\.m2\repository\org\glassfish\jersey\core\jersey-common\2.36\jersey-common-2.36.jar;C:\Users\ssshi\.m2\repository\jakarta\annotation\jakarta.annotation-api\1.3.5\jakarta.annotation-api-1.3.5.jar;C:\Users\ssshi\.m2\repository\org\glassfish\hk2\osgi-resource-locator\1.0.3\osgi-resource-locator-1.0.3.jar;C:\Users\ssshi\.m2\repository\org\glassfish\jersey\core\jersey-server\2.36\jersey-server-2.36.jar;C:\Users\ssshi\.m2\repository\jakarta\validation\jakarta.validation-api\2.0.2\jakarta.validation-api-2.0.2.jar;C:\Users\ssshi\.m2\repository\org\glassfish\jersey\containers\jersey-container-servlet\2.36\jersey-container-servlet-2.36.jar;C:\Users\ssshi\.m2\repository\org\glassfish\jersey\containers\jersey-container-servlet-core\2.36\jersey-container-servlet-core-2.36.jar;C:\Users\ssshi\.m2\repository\org\glassfish\jersey\inject\jersey-hk2\2.36\jersey-hk2-2.36.jar;C:\Users\ssshi\.m2\repository\org\glassfish\hk2\hk2-locator\2.6.1\hk2-locator-2.6.1.jar;C:\Users\ssshi\.m2\repository\org\glassfish\hk2\external\aopalliance-repackaged\2.6.1\aopalliance-repackaged-2.6.1.jar;C:\Users\ssshi\.m2\repository\org\glassfish\hk2\hk2-api\2.6.1\hk2-api-2.6.1.jar;C:\Users\ssshi\.m2\repository\org\glassfish\hk2\hk2-utils\2.6.1\hk2-utils-2.6.1.jar;C:\Users\ssshi\.m2\repository\org\javassist\javassist\3.25.0-GA\javassist-3.25.0-GA.jar;C:\Users\ssshi\.m2\repository\io\netty\netty-all\4.1.87.Final\netty-all-4.1.87.Final.jar;C:\Users\ssshi\.m2\repository\io\netty\netty-buffer\4.1.87.Final\netty-buffer-4.1.87.Final.jar;C:\Users\ssshi\.m2\repository\io\netty\netty-codec\4.1.87.Final\netty-codec-4.1.87.Final.jar;C:\Users\ssshi\.m2\repository\io\netty\netty-codec-http\4.1.87.Final\netty-codec-http-4.1.87.Final.jar;C:\Users\ssshi\.m2\repository\io\netty\netty-codec-http2\4.1.87.Final\netty-codec-http2-4.1.87.Final.jar;C:\Users\ssshi\.m2\repository\io\netty\netty-codec-socks\4.1.87.Final\netty-codec-socks-4.1.87.Final.jar;C:\Users\ssshi\.m2\repository\io\netty\netty-common\4.1.87.Final\netty-common-4.1.87.Final.jar;C:\Users\ssshi\.m2\repository\io\netty\netty-handler\4.1.87.Final\netty-handler-4.1.87.Final.jar;C:\Users\ssshi\.m2\repository\io\netty\netty-transport-native-unix-common\4.1.87.Final\netty-transport-native-unix-common-4.1.87.Final.jar;C:\Users\ssshi\.m2\repository\io\netty\netty-handler-proxy\4.1.87.Final\netty-handler-proxy-4.1.87.Final.jar;C:\Users\ssshi\.m2\repository\io\netty\netty-resolver\4.1.87.Final\netty-resolver-4.1.87.Final.jar;C:\Users\ssshi\.m2\repository\io\netty\netty-transport\4.1.87.Final\netty-transport-4.1.87.Final.jar;C:\Users\ssshi\.m2\repository\io\netty\netty-transport-classes-epoll\4.1.87.Final\netty-transport-classes-epoll-4.1.87.Final.jar;C:\Users\ssshi\.m2\repository\io\netty\netty-transport-classes-kqueue\4.1.87.Final\netty-transport-classes-kqueue-4.1.87.Final.jar;C:\Users\ssshi\.m2\repository\io\netty\netty-transport-native-epoll\4.1.87.Final\netty-transport-native-epoll-4.1.87.Final-linux-x86_64.jar;C:\Users\ssshi\.m2\repository\io\netty\netty-transport-native-epoll\4.1.87.Final\netty-transport-native-epoll-4.1.87.Final-linux-aarch_64.jar;C:\Users\ssshi\.m2\repository\io\netty\netty-transport-native-kqueue\4.1.87.Final\netty-transport-native-kqueue-4.1.87.Final-osx-aarch_64.jar;C:\Users\ssshi\.m2\repository\io\netty\netty-transport-native-kqueue\4.1.87.Final\netty-transport-native-kqueue-4.1.87.Final-osx-x86_64.jar;C:\Users\ssshi\.m2\repository\com\clearspring\analytics\stream\2.9.6\stream-2.9.6.jar;C:\Users\ssshi\.m2\repository\io\dropwizard\metrics\metrics-core\4.2.15\metrics-core-4.2.15.jar;C:\Users\ssshi\.m2\repository\io\dropwizard\metrics\metrics-jvm\4.2.15\metrics-jvm-4.2.15.jar;C:\Users\ssshi\.m2\repository\io\dropwizard\metrics\metrics-json\4.2.15\metrics-json-4.2.15.jar;C:\Users\ssshi\.m2\repository\io\dropwizard\metrics\metrics-graphite\4.2.15\metrics-graphite-4.2.15.jar;C:\Users\ssshi\.m2\repository\io\dropwizard\metrics\metrics-jmx\4.2.15\metrics-jmx-4.2.15.jar;C:\Users\ssshi\.m2\repository\com\fasterxml\jackson\module\jackson-module-scala_2.12\2.14.2\jackson-module-scala_2.12-2.14.2.jar;C:\Users\ssshi\.m2\repository\com\thoughtworks\paranamer\paranamer\2.8\paranamer-2.8.jar;C:\Users\ssshi\.m2\repository\org\apache\ivy\ivy\2.5.1\ivy-2.5.1.jar;C:\Users\ssshi\.m2\repository\oro\oro\2.0.8\oro-2.0.8.jar;C:\Users\ssshi\.m2\repository\net\razorvine\pickle\1.3\pickle-1.3.jar;C:\Users\ssshi\.m2\repository\net\sf\py4j\py4j\0.10.9.7\py4j-0.10.9.7.jar;C:\Users\ssshi\.m2\repository\org\apache\commons\commons-crypto\1.1.0\commons-crypto-1.1.0.jar;C:\Users\ssshi\.m2\repository\org\apache\spark\spark-catalyst_2.12\3.4.1\spark-catalyst_2.12-3.4.1.jar;C:\Users\ssshi\.m2\repository\org\scala-lang\modules\scala-parser-combinators_2.12\2.1.1\scala-parser-combinators_2.12-2.1.1.jar;C:\Users\ssshi\.m2\repository\org\codehaus\janino\janino\3.1.9\janino-3.1.9.jar;C:\Users\ssshi\.m2\repository\org\codehaus\janino\commons-compiler\3.1.9\commons-compiler-3.1.9.jar;C:\Users\ssshi\.m2\repository\org\antlr\antlr4-runtime\4.9.3\antlr4-runtime-4.9.3.jar;C:\Users\ssshi\.m2\repository\org\apache\arrow\arrow-vector\11.0.0\arrow-vector-11.0.0.jar;C:\Users\ssshi\.m2\repository\org\apache\arrow\arrow-format\11.0.0\arrow-format-11.0.0.jar;C:\Users\ssshi\.m2\repository\org\apache\arrow\arrow-memory-core\11.0.0\arrow-memory-core-11.0.0.jar;C:\Users\ssshi\.m2\repository\com\fasterxml\jackson\datatype\jackson-datatype-jsr310\2.13.4\jackson-datatype-jsr310-2.13.4.jar;C:\Users\ssshi\.m2\repository\com\google\flatbuffers\flatbuffers-java\1.12.0\flatbuffers-java-1.12.0.jar;C:\Users\ssshi\.m2\repository\org\apache\arrow\arrow-memory-netty\11.0.0\arrow-memory-netty-11.0.0.jar;C:\Users\ssshi\.m2\repository\org\apache\spark\spark-tags_2.12\3.4.1\spark-tags_2.12-3.4.1.jar;C:\Users\ssshi\.m2\repository\org\apache\orc\orc-core\1.8.4\orc-core-1.8.4-shaded-protobuf.jar;C:\Users\ssshi\.m2\repository\org\apache\orc\orc-shims\1.8.4\orc-shims-1.8.4.jar;C:\Users\ssshi\.m2\repository\io\airlift\aircompressor\0.21\aircompressor-0.21.jar;C:\Users\ssshi\.m2\repository\org\jetbrains\annotations\17.0.0\annotations-17.0.0.jar;C:\Users\ssshi\.m2\repository\org\threeten\threeten-extra\1.7.1\threeten-extra-1.7.1.jar;C:\Users\ssshi\.m2\repository\org\apache\orc\orc-mapreduce\1.8.4\orc-mapreduce-1.8.4-shaded-protobuf.jar;C:\Users\ssshi\.m2\repository\org\apache\hive\hive-storage-api\2.8.1\hive-storage-api-2.8.1.jar;C:\Users\ssshi\.m2\repository\org\apache\parquet\parquet-column\1.12.3\parquet-column-1.12.3.jar;C:\Users\ssshi\.m2\repository\org\apache\parquet\parquet-common\1.12.3\parquet-common-1.12.3.jar;C:\Users\ssshi\.m2\repository\org\apache\parquet\parquet-encoding\1.12.3\parquet-encoding-1.12.3.jar;C:\Users\ssshi\.m2\repository\org\apache\yetus\audience-annotations\0.13.0\audience-annotations-0.13.0.jar;C:\Users\ssshi\.m2\repository\org\apache\parquet\parquet-hadoop\1.12.3\parquet-hadoop-1.12.3.jar;C:\Users\ssshi\.m2\repository\org\apache\parquet\parquet-format-structures\1.12.3\parquet-format-structures-1.12.3.jar;C:\Users\ssshi\.m2\repository\org\apache\parquet\parquet-jackson\1.12.3\parquet-jackson-1.12.3.jar;C:\Users\ssshi\.m2\repository\com\fasterxml\jackson\core\jackson-databind\2.14.2\jackson-databind-2.14.2.jar;C:\Users\ssshi\.m2\repository\com\fasterxml\jackson\core\jackson-annotations\2.14.2\jackson-annotations-2.14.2.jar;C:\Users\ssshi\.m2\repository\com\fasterxml\jackson\core\jackson-core\2.14.2\jackson-core-2.14.2.jar;C:\Users\ssshi\.m2\repository\org\apache\xbean\xbean-asm9-shaded\4.22\xbean-asm9-shaded-4.22.jar;C:\Users\ssshi\.m2\repository\com\google\protobuf\protobuf-java\3.21.12\protobuf-java-3.21.12.jar;C:\Users\ssshi\.m2\repository\junit\junit\4.11\junit-4.11.jar;C:\Users\ssshi\.m2\repository\org\hamcrest\hamcrest-core\1.3\hamcrest-core-1.3.jar;"/>
    <property name="sun.cpu.endian" value="little"/>
    <property name="user.home" value="C:\Users\ssshi"/>
    <property name="user.language" value="en"/>
    <property name="java.specification.vendor" value="Oracle Corporation"/>
    <property name="java.home" value="C:\Program Files\Java\jdk1.8.0_202\jre"/>
    <property name="basedir" value="C:\Users\ssshi\IdeaProjects\Assignment 1"/>
    <property name="file.separator" value="\"/>
    <property name="line.separator" value="&#10;"/>
    <property name="java.vm.specification.vendor" value="Oracle Corporation"/>
    <property name="java.specification.name" value="Java Platform API Specification"/>
    <property name="java.awt.graphicsenv" value="sun.awt.Win32GraphicsEnvironment"/>
    <property name="surefire.real.class.path" value="C:\Users\ssshi\AppData\Local\Temp\surefire762322547976056336\surefirebooter-20230809011609052_3.jar"/>
    <property name="sun.boot.class.path" value="C:\Program Files\Java\jdk1.8.0_202\jre\lib\resources.jar;C:\Program Files\Java\jdk1.8.0_202\jre\lib\rt.jar;C:\Program Files\Java\jdk1.8.0_202\jre\lib\sunrsasign.jar;C:\Program Files\Java\jdk1.8.0_202\jre\lib\jsse.jar;C:\Program Files\Java\jdk1.8.0_202\jre\lib\jce.jar;C:\Program Files\Java\jdk1.8.0_202\jre\lib\charsets.jar;C:\Program Files\Java\jdk1.8.0_202\jre\lib\jfr.jar;C:\Program Files\Java\jdk1.8.0_202\jre\classes"/>
    <property name="user.script" value=""/>
    <property name="sun.management.compiler" value="HotSpot 64-Bit Tiered Compilers"/>
    <property name="java.runtime.version" value="1.8.0_202-b08"/>
    <property name="user.name" value="ssshi"/>
    <property name="path.separator" value=";"/>
    <property name="os.version" value="10.0"/>
    <property name="java.endorsed.dirs" value="C:\Program Files\Java\jdk1.8.0_202\jre\lib\endorsed"/>
    <property name="java.runtime.name" value="Java(TM) SE Runtime Environment"/>
    <property name="file.encoding" value="Cp1252"/>
    <property name="java.vm.name" value="Java HotSpot(TM) 64-Bit Server VM"/>
    <property name="localRepository" value="C:\Users\ssshi\.m2\repository"/>
    <property name="java.vendor.url.bug" value="http://bugreport.sun.com/bugreport/"/>
    <property name="java.io.tmpdir" value="C:\Users\ssshi\AppData\Local\Temp\"/>
    <property name="idea.version" value="2023.2"/>
    <property name="java.version" value="1.8.0_202"/>
    <property name="user.dir" value="C:\Users\ssshi\IdeaProjects\Assignment 1"/>
    <property name="os.arch" value="amd64"/>
    <property name="java.vm.specification.name" value="Java Virtual Machine Specification"/>
    <property name="java.awt.printerjob" value="sun.awt.windows.WPrinterJob"/>
    <property name="sun.os.patch.level" value=""/>
    <property name="java.library.path" value="C:\Program Files\Java\jdk1.8.0_202\jre\bin;C:\WINDOWS\Sun\Java\bin;C:\WINDOWS\system32;C:\WINDOWS;C:\Program Files (x86)\Common Files\Oracle\Java\javapath;C:\Windows\system32;C:\Windows;C:\Windows\System32\Wbem;C:\Windows\System32\WindowsPowerShell\v1.0\;C:\Windows\System32\OpenSSH\;C:\Program Files (x86)\NVIDIA Corporation\PhysX\Common;C:\WINDOWS\system32;C:\WINDOWS;C:\WINDOWS\System32\Wbem;C:\WINDOWS\System32\WindowsPowerShell\v1.0\;C:\WINDOWS\System32\OpenSSH\;C:\Program Files\Intel\WiFi\bin\;C:\Program Files\Common Files\Intel\WirelessCommon\;E:\MATLAB\R2019b\bin;C:\Program Files\MiKTeX\miktex\bin\x64\;C:\Program Files\dotnet\;C:\Program Files\Java\jdk1.8.0_202\bin;C:\Program Files\Java\jdk-18.0.1\bin;C:\Program Files\MongoDB\Server\5.0\bin;C:\Program Files\nodejs\;C:\Program Files\Microsoft VS Code\bin;C:\Users\ssshi\Documents\hadoop-3.2.1\bin;C:\Users\ssshi\AppData\Local\Microsoft\WindowsApps;C:\Users\ssshi\AppData\Roaming\npm;C:\Users\ssshi\AppData\Local\Microsoft\WindowsApps;C:\Users\ssshi\Documents\hadoop-3.2.1\bin;;."/>
    <property name="java.vm.info" value="mixed mode"/>
    <property name="java.vendor" value="Oracle Corporation"/>
    <property name="java.vm.version" value="25.202-b08"/>
    <property name="java.ext.dirs" value="C:\Program Files\Java\jdk1.8.0_202\jre\lib\ext;C:\WINDOWS\Sun\Java\lib\ext"/>
    <property name="sun.io.unicode.encoding" value="UnicodeLittle"/>
    <property name="java.class.version" value="52.0"/>
  </properties>
  <testcase name="testFinalDataSetComparisonWithResult" classname="SparkTest.Assignment1Test" time="15.107">
    <system-out><![CDATA[root
 |-- Year: string (nullable = true)
 |-- Month: integer (nullable = true)
 |-- Category: string (nullable = true)
 |-- Sub-Category: string (nullable = true)
 |-- TotalQuantitySold: integer (nullable = true)
 |-- TotalProfit: string (nullable = true)

]]></system-out>
    <system-err><![CDATA[Using Spark's default log4j profile: org/apache/spark/log4j2-defaults.properties
23/08/09 01:16:12 INFO SparkContext: Running Spark version 3.4.1
23/08/09 01:16:13 INFO ResourceUtils: ==============================================================
23/08/09 01:16:13 INFO ResourceUtils: No custom resources configured for spark.driver.
23/08/09 01:16:13 INFO ResourceUtils: ==============================================================
23/08/09 01:16:13 INFO SparkContext: Submitted application: Assignment1Test
23/08/09 01:16:13 INFO ResourceProfile: Default ResourceProfile created, executor resources: Map(cores -> name: cores, amount: 1, script: , vendor: , memory -> name: memory, amount: 1024, script: , vendor: , offHeap -> name: offHeap, amount: 0, script: , vendor: ), task resources: Map(cpus -> name: cpus, amount: 1.0)
23/08/09 01:16:13 INFO ResourceProfile: Limiting resource is cpu
23/08/09 01:16:13 INFO ResourceProfileManager: Added ResourceProfile id: 0
23/08/09 01:16:13 INFO SecurityManager: Changing view acls to: ssshi
23/08/09 01:16:13 INFO SecurityManager: Changing modify acls to: ssshi
23/08/09 01:16:13 INFO SecurityManager: Changing view acls groups to: 
23/08/09 01:16:13 INFO SecurityManager: Changing modify acls groups to: 
23/08/09 01:16:13 INFO SecurityManager: SecurityManager: authentication disabled; ui acls disabled; users with view permissions: ssshi; groups with view permissions: EMPTY; users with modify permissions: ssshi; groups with modify permissions: EMPTY
23/08/09 01:16:15 INFO Utils: Successfully started service 'sparkDriver' on port 50297.
23/08/09 01:16:15 INFO SparkEnv: Registering MapOutputTracker
23/08/09 01:16:15 INFO SparkEnv: Registering BlockManagerMaster
23/08/09 01:16:15 INFO BlockManagerMasterEndpoint: Using org.apache.spark.storage.DefaultTopologyMapper for getting topology information
23/08/09 01:16:15 INFO BlockManagerMasterEndpoint: BlockManagerMasterEndpoint up
23/08/09 01:16:15 INFO SparkEnv: Registering BlockManagerMasterHeartbeat
23/08/09 01:16:15 INFO DiskBlockManager: Created local directory at C:\Users\ssshi\AppData\Local\Temp\blockmgr-4457492a-2302-4ce2-8d6c-17861cafc456
23/08/09 01:16:15 INFO MemoryStore: MemoryStore started with capacity 891.0 MiB
23/08/09 01:16:15 INFO SparkEnv: Registering OutputCommitCoordinator
23/08/09 01:16:16 INFO JettyUtils: Start Jetty 0.0.0.0:4040 for SparkUI
23/08/09 01:16:16 INFO Utils: Successfully started service 'SparkUI' on port 4040.
23/08/09 01:16:16 INFO Executor: Starting executor ID driver on host DESKTOP-3DFKSNQ
23/08/09 01:16:16 INFO Executor: Starting executor with user classpath (userClassPathFirst = false): ''
23/08/09 01:16:17 INFO Utils: Successfully started service 'org.apache.spark.network.netty.NettyBlockTransferService' on port 50341.
23/08/09 01:16:17 INFO NettyBlockTransferService: Server created on DESKTOP-3DFKSNQ:50341
23/08/09 01:16:17 INFO BlockManager: Using org.apache.spark.storage.RandomBlockReplicationPolicy for block replication policy
23/08/09 01:16:17 INFO BlockManagerMaster: Registering BlockManager BlockManagerId(driver, DESKTOP-3DFKSNQ, 50341, None)
23/08/09 01:16:17 INFO BlockManagerMasterEndpoint: Registering block manager DESKTOP-3DFKSNQ:50341 with 891.0 MiB RAM, BlockManagerId(driver, DESKTOP-3DFKSNQ, 50341, None)
23/08/09 01:16:17 INFO BlockManagerMaster: Registered BlockManager BlockManagerId(driver, DESKTOP-3DFKSNQ, 50341, None)
23/08/09 01:16:17 INFO BlockManager: Initialized BlockManager: BlockManagerId(driver, DESKTOP-3DFKSNQ, 50341, None)
23/08/09 01:16:17 INFO SharedState: Setting hive.metastore.warehouse.dir ('null') to the value of spark.sql.warehouse.dir.
23/08/09 01:16:17 INFO SharedState: Warehouse path is 'file:/C:/Users/ssshi/IdeaProjects/Assignment%201/spark-warehouse'.
23/08/09 01:16:20 INFO InMemoryFileIndex: It took 73 ms to list leaf files for 1 paths.
23/08/09 01:16:20 INFO InMemoryFileIndex: It took 2 ms to list leaf files for 1 paths.
23/08/09 01:16:24 INFO FileSourceStrategy: Pushed Filters: 
23/08/09 01:16:24 INFO FileSourceStrategy: Post-Scan Filters: (length(trim(value#0, None)) > 0)
23/08/09 01:16:25 INFO CodeGenerator: Code generated in 504.0817 ms
23/08/09 01:16:25 INFO MemoryStore: Block broadcast_0 stored as values in memory (estimated size 349.3 KiB, free 890.7 MiB)
23/08/09 01:16:25 INFO MemoryStore: Block broadcast_0_piece0 stored as bytes in memory (estimated size 34.1 KiB, free 890.6 MiB)
23/08/09 01:16:25 INFO BlockManagerInfo: Added broadcast_0_piece0 in memory on DESKTOP-3DFKSNQ:50341 (size: 34.1 KiB, free: 891.0 MiB)
23/08/09 01:16:25 INFO SparkContext: Created broadcast 0 from csv at Assignment1Test.java:64
23/08/09 01:16:25 INFO FileSourceScanExec: Planning scan with bin packing, max size: 4194304 bytes, open cost is considered as scanning 4194304 bytes.
23/08/09 01:16:25 INFO SparkContext: Starting job: csv at Assignment1Test.java:64
23/08/09 01:16:25 INFO DAGScheduler: Got job 0 (csv at Assignment1Test.java:64) with 1 output partitions
23/08/09 01:16:25 INFO DAGScheduler: Final stage: ResultStage 0 (csv at Assignment1Test.java:64)
23/08/09 01:16:25 INFO DAGScheduler: Parents of final stage: List()
23/08/09 01:16:25 INFO DAGScheduler: Missing parents: List()
23/08/09 01:16:25 INFO DAGScheduler: Submitting ResultStage 0 (MapPartitionsRDD[3] at csv at Assignment1Test.java:64), which has no missing parents
23/08/09 01:16:25 INFO MemoryStore: Block broadcast_1 stored as values in memory (estimated size 12.1 KiB, free 890.6 MiB)
23/08/09 01:16:25 INFO MemoryStore: Block broadcast_1_piece0 stored as bytes in memory (estimated size 6.0 KiB, free 890.6 MiB)
23/08/09 01:16:25 INFO BlockManagerInfo: Added broadcast_1_piece0 in memory on DESKTOP-3DFKSNQ:50341 (size: 6.0 KiB, free: 891.0 MiB)
23/08/09 01:16:25 INFO SparkContext: Created broadcast 1 from broadcast at DAGScheduler.scala:1535
23/08/09 01:16:25 INFO DAGScheduler: Submitting 1 missing tasks from ResultStage 0 (MapPartitionsRDD[3] at csv at Assignment1Test.java:64) (first 15 tasks are for partitions Vector(0))
23/08/09 01:16:25 INFO TaskSchedulerImpl: Adding task set 0.0 with 1 tasks resource profile 0
23/08/09 01:16:26 INFO TaskSetManager: Starting task 0.0 in stage 0.0 (TID 0) (DESKTOP-3DFKSNQ, executor driver, partition 0, PROCESS_LOCAL, 7965 bytes) 
23/08/09 01:16:26 INFO Executor: Running task 0.0 in stage 0.0 (TID 0)
23/08/09 01:16:26 INFO FileScanRDD: Reading File path: file:///C:/Users/ssshi/IdeaProjects/Assignment%201/Dataset/TestFile/SalesTestData.csv, range: 0-1524, partition values: [empty row]
23/08/09 01:16:26 INFO CodeGenerator: Code generated in 15.7444 ms
23/08/09 01:16:26 INFO Executor: Finished task 0.0 in stage 0.0 (TID 0). 1779 bytes result sent to driver
23/08/09 01:16:26 INFO TaskSetManager: Finished task 0.0 in stage 0.0 (TID 0) in 649 ms on DESKTOP-3DFKSNQ (executor driver) (1/1)
23/08/09 01:16:26 INFO TaskSchedulerImpl: Removed TaskSet 0.0, whose tasks have all completed, from pool 
23/08/09 01:16:26 INFO DAGScheduler: ResultStage 0 (csv at Assignment1Test.java:64) finished in 0.854 s
23/08/09 01:16:26 INFO DAGScheduler: Job 0 is finished. Cancelling potential speculative or zombie tasks for this job
23/08/09 01:16:26 INFO TaskSchedulerImpl: Killing all running tasks in stage 0: Stage finished
23/08/09 01:16:26 INFO DAGScheduler: Job 0 finished: csv at Assignment1Test.java:64, took 0.918272 s
23/08/09 01:16:26 INFO CodeGenerator: Code generated in 12.7123 ms
23/08/09 01:16:26 INFO FileSourceStrategy: Pushed Filters: 
23/08/09 01:16:26 INFO FileSourceStrategy: Post-Scan Filters: 
23/08/09 01:16:26 INFO MemoryStore: Block broadcast_2 stored as values in memory (estimated size 349.3 KiB, free 890.3 MiB)
23/08/09 01:16:26 INFO MemoryStore: Block broadcast_2_piece0 stored as bytes in memory (estimated size 34.1 KiB, free 890.2 MiB)
23/08/09 01:16:26 INFO BlockManagerInfo: Added broadcast_2_piece0 in memory on DESKTOP-3DFKSNQ:50341 (size: 34.1 KiB, free: 890.9 MiB)
23/08/09 01:16:26 INFO SparkContext: Created broadcast 2 from csv at Assignment1Test.java:64
23/08/09 01:16:26 INFO FileSourceScanExec: Planning scan with bin packing, max size: 4194304 bytes, open cost is considered as scanning 4194304 bytes.
23/08/09 01:16:27 INFO InMemoryFileIndex: It took 2 ms to list leaf files for 1 paths.
23/08/09 01:16:27 INFO InMemoryFileIndex: It took 2 ms to list leaf files for 1 paths.
23/08/09 01:16:27 INFO FileSourceStrategy: Pushed Filters: 
23/08/09 01:16:27 INFO FileSourceStrategy: Post-Scan Filters: (length(trim(value#47, None)) > 0)
23/08/09 01:16:27 INFO MemoryStore: Block broadcast_3 stored as values in memory (estimated size 349.3 KiB, free 889.9 MiB)
23/08/09 01:16:27 INFO MemoryStore: Block broadcast_3_piece0 stored as bytes in memory (estimated size 34.1 KiB, free 889.9 MiB)
23/08/09 01:16:27 INFO BlockManagerInfo: Added broadcast_3_piece0 in memory on DESKTOP-3DFKSNQ:50341 (size: 34.1 KiB, free: 890.9 MiB)
23/08/09 01:16:27 INFO SparkContext: Created broadcast 3 from csv at Assignment1Test.java:65
23/08/09 01:16:27 INFO FileSourceScanExec: Planning scan with bin packing, max size: 4194304 bytes, open cost is considered as scanning 4194304 bytes.
23/08/09 01:16:27 INFO SparkContext: Starting job: csv at Assignment1Test.java:65
23/08/09 01:16:27 INFO DAGScheduler: Got job 1 (csv at Assignment1Test.java:65) with 1 output partitions
23/08/09 01:16:27 INFO DAGScheduler: Final stage: ResultStage 1 (csv at Assignment1Test.java:65)
23/08/09 01:16:27 INFO DAGScheduler: Parents of final stage: List()
23/08/09 01:16:27 INFO DAGScheduler: Missing parents: List()
23/08/09 01:16:27 INFO DAGScheduler: Submitting ResultStage 1 (MapPartitionsRDD[13] at csv at Assignment1Test.java:65), which has no missing parents
23/08/09 01:16:27 INFO MemoryStore: Block broadcast_4 stored as values in memory (estimated size 12.1 KiB, free 889.8 MiB)
23/08/09 01:16:27 INFO MemoryStore: Block broadcast_4_piece0 stored as bytes in memory (estimated size 6.0 KiB, free 889.8 MiB)
23/08/09 01:16:27 INFO BlockManagerInfo: Added broadcast_4_piece0 in memory on DESKTOP-3DFKSNQ:50341 (size: 6.0 KiB, free: 890.9 MiB)
23/08/09 01:16:27 INFO SparkContext: Created broadcast 4 from broadcast at DAGScheduler.scala:1535
23/08/09 01:16:27 INFO DAGScheduler: Submitting 1 missing tasks from ResultStage 1 (MapPartitionsRDD[13] at csv at Assignment1Test.java:65) (first 15 tasks are for partitions Vector(0))
23/08/09 01:16:27 INFO TaskSchedulerImpl: Adding task set 1.0 with 1 tasks resource profile 0
23/08/09 01:16:27 INFO TaskSetManager: Starting task 0.0 in stage 1.0 (TID 1) (DESKTOP-3DFKSNQ, executor driver, partition 0, PROCESS_LOCAL, 7967 bytes) 
23/08/09 01:16:27 INFO Executor: Running task 0.0 in stage 1.0 (TID 1)
23/08/09 01:16:27 INFO FileScanRDD: Reading File path: file:///C:/Users/ssshi/IdeaProjects/Assignment%201/Dataset/TestFile/ReturnsTestData.csv, range: 0-107, partition values: [empty row]
23/08/09 01:16:27 INFO Executor: Finished task 0.0 in stage 1.0 (TID 1). 1593 bytes result sent to driver
23/08/09 01:16:27 INFO TaskSetManager: Finished task 0.0 in stage 1.0 (TID 1) in 41 ms on DESKTOP-3DFKSNQ (executor driver) (1/1)
23/08/09 01:16:27 INFO TaskSchedulerImpl: Removed TaskSet 1.0, whose tasks have all completed, from pool 
23/08/09 01:16:27 INFO DAGScheduler: ResultStage 1 (csv at Assignment1Test.java:65) finished in 0.057 s
23/08/09 01:16:27 INFO DAGScheduler: Job 1 is finished. Cancelling potential speculative or zombie tasks for this job
23/08/09 01:16:27 INFO TaskSchedulerImpl: Killing all running tasks in stage 1: Stage finished
23/08/09 01:16:27 INFO DAGScheduler: Job 1 finished: csv at Assignment1Test.java:65, took 0.065479 s
23/08/09 01:16:27 INFO FileSourceStrategy: Pushed Filters: 
23/08/09 01:16:27 INFO FileSourceStrategy: Post-Scan Filters: 
23/08/09 01:16:27 INFO MemoryStore: Block broadcast_5 stored as values in memory (estimated size 349.3 KiB, free 889.5 MiB)
23/08/09 01:16:27 INFO BlockManagerInfo: Removed broadcast_1_piece0 on DESKTOP-3DFKSNQ:50341 in memory (size: 6.0 KiB, free: 890.9 MiB)
23/08/09 01:16:27 INFO MemoryStore: Block broadcast_5_piece0 stored as bytes in memory (estimated size 34.1 KiB, free 889.5 MiB)
23/08/09 01:16:27 INFO BlockManagerInfo: Added broadcast_5_piece0 in memory on DESKTOP-3DFKSNQ:50341 (size: 34.1 KiB, free: 890.9 MiB)
23/08/09 01:16:27 INFO SparkContext: Created broadcast 5 from csv at Assignment1Test.java:65
23/08/09 01:16:27 INFO FileSourceScanExec: Planning scan with bin packing, max size: 4194304 bytes, open cost is considered as scanning 4194304 bytes.
23/08/09 01:16:28 INFO InMemoryFileIndex: It took 5 ms to list leaf files for 1 paths.
23/08/09 01:16:28 INFO InMemoryFileIndex: It took 3 ms to list leaf files for 1 paths.
23/08/09 01:16:28 INFO FileSourceStrategy: Pushed Filters: 
23/08/09 01:16:28 INFO FileSourceStrategy: Post-Scan Filters: (length(trim(value#325, None)) > 0)
23/08/09 01:16:28 INFO MemoryStore: Block broadcast_6 stored as values in memory (estimated size 349.3 KiB, free 889.1 MiB)
23/08/09 01:16:28 INFO MemoryStore: Block broadcast_6_piece0 stored as bytes in memory (estimated size 34.1 KiB, free 889.1 MiB)
23/08/09 01:16:28 INFO BlockManagerInfo: Added broadcast_6_piece0 in memory on DESKTOP-3DFKSNQ:50341 (size: 34.1 KiB, free: 890.8 MiB)
23/08/09 01:16:28 INFO SparkContext: Created broadcast 6 from csv at Assignment1Test.java:80
23/08/09 01:16:28 INFO FileSourceScanExec: Planning scan with bin packing, max size: 4194304 bytes, open cost is considered as scanning 4194304 bytes.
23/08/09 01:16:28 INFO SparkContext: Starting job: csv at Assignment1Test.java:80
23/08/09 01:16:28 INFO DAGScheduler: Got job 2 (csv at Assignment1Test.java:80) with 1 output partitions
23/08/09 01:16:28 INFO DAGScheduler: Final stage: ResultStage 2 (csv at Assignment1Test.java:80)
23/08/09 01:16:28 INFO DAGScheduler: Parents of final stage: List()
23/08/09 01:16:28 INFO DAGScheduler: Missing parents: List()
23/08/09 01:16:28 INFO DAGScheduler: Submitting ResultStage 2 (MapPartitionsRDD[23] at csv at Assignment1Test.java:80), which has no missing parents
23/08/09 01:16:28 INFO MemoryStore: Block broadcast_7 stored as values in memory (estimated size 12.1 KiB, free 889.1 MiB)
23/08/09 01:16:28 INFO MemoryStore: Block broadcast_7_piece0 stored as bytes in memory (estimated size 6.0 KiB, free 889.1 MiB)
23/08/09 01:16:28 INFO BlockManagerInfo: Added broadcast_7_piece0 in memory on DESKTOP-3DFKSNQ:50341 (size: 6.0 KiB, free: 890.8 MiB)
23/08/09 01:16:28 INFO SparkContext: Created broadcast 7 from broadcast at DAGScheduler.scala:1535
23/08/09 01:16:28 INFO DAGScheduler: Submitting 1 missing tasks from ResultStage 2 (MapPartitionsRDD[23] at csv at Assignment1Test.java:80) (first 15 tasks are for partitions Vector(0))
23/08/09 01:16:28 INFO TaskSchedulerImpl: Adding task set 2.0 with 1 tasks resource profile 0
23/08/09 01:16:28 INFO TaskSetManager: Starting task 0.0 in stage 2.0 (TID 2) (DESKTOP-3DFKSNQ, executor driver, partition 0, PROCESS_LOCAL, 7967 bytes) 
23/08/09 01:16:28 INFO Executor: Running task 0.0 in stage 2.0 (TID 2)
23/08/09 01:16:28 INFO FileScanRDD: Reading File path: file:///C:/Users/ssshi/IdeaProjects/Assignment%201/Dataset/TestFile/ExpectedDataSet.csv, range: 0-287, partition values: [empty row]
23/08/09 01:16:28 INFO Executor: Finished task 0.0 in stage 2.0 (TID 2). 1625 bytes result sent to driver
23/08/09 01:16:28 INFO TaskSetManager: Finished task 0.0 in stage 2.0 (TID 2) in 58 ms on DESKTOP-3DFKSNQ (executor driver) (1/1)
23/08/09 01:16:28 INFO TaskSchedulerImpl: Removed TaskSet 2.0, whose tasks have all completed, from pool 
23/08/09 01:16:28 INFO DAGScheduler: ResultStage 2 (csv at Assignment1Test.java:80) finished in 0.093 s
23/08/09 01:16:28 INFO DAGScheduler: Job 2 is finished. Cancelling potential speculative or zombie tasks for this job
23/08/09 01:16:28 INFO TaskSchedulerImpl: Killing all running tasks in stage 2: Stage finished
23/08/09 01:16:28 INFO DAGScheduler: Job 2 finished: csv at Assignment1Test.java:80, took 0.105178 s
23/08/09 01:16:28 INFO FileSourceStrategy: Pushed Filters: 
23/08/09 01:16:28 INFO FileSourceStrategy: Post-Scan Filters: 
23/08/09 01:16:28 INFO MemoryStore: Block broadcast_8 stored as values in memory (estimated size 349.3 KiB, free 888.8 MiB)
23/08/09 01:16:29 INFO MemoryStore: Block broadcast_8_piece0 stored as bytes in memory (estimated size 34.1 KiB, free 888.7 MiB)
23/08/09 01:16:29 INFO BlockManagerInfo: Added broadcast_8_piece0 in memory on DESKTOP-3DFKSNQ:50341 (size: 34.1 KiB, free: 890.8 MiB)
23/08/09 01:16:29 INFO SparkContext: Created broadcast 8 from csv at Assignment1Test.java:80
23/08/09 01:16:29 INFO FileSourceScanExec: Planning scan with bin packing, max size: 4194304 bytes, open cost is considered as scanning 4194304 bytes.
23/08/09 01:16:29 INFO FileSourceStrategy: Pushed Filters: 
23/08/09 01:16:29 INFO FileSourceStrategy: Post-Scan Filters: 
23/08/09 01:16:29 INFO FileSourceStrategy: Pushed Filters: IsNotNull(Order ID)
23/08/09 01:16:29 INFO FileSourceStrategy: Post-Scan Filters: isnotnull(Order ID#64)
23/08/09 01:16:29 INFO CodeGenerator: Code generated in 17.8265 ms
23/08/09 01:16:29 INFO MemoryStore: Block broadcast_9 stored as values in memory (estimated size 349.1 KiB, free 888.4 MiB)
23/08/09 01:16:29 INFO MemoryStore: Block broadcast_9_piece0 stored as bytes in memory (estimated size 34.1 KiB, free 888.3 MiB)
23/08/09 01:16:29 INFO BlockManagerInfo: Added broadcast_9_piece0 in memory on DESKTOP-3DFKSNQ:50341 (size: 34.1 KiB, free: 890.8 MiB)
23/08/09 01:16:29 INFO SparkContext: Created broadcast 9 from $anonfun$withThreadLocalCaptured$1 at FutureTask.java:266
23/08/09 01:16:29 INFO FileSourceScanExec: Planning scan with bin packing, max size: 4194304 bytes, open cost is considered as scanning 4194304 bytes.
23/08/09 01:16:29 INFO SparkContext: Starting job: $anonfun$withThreadLocalCaptured$1 at FutureTask.java:266
23/08/09 01:16:29 INFO DAGScheduler: Got job 3 ($anonfun$withThreadLocalCaptured$1 at FutureTask.java:266) with 1 output partitions
23/08/09 01:16:29 INFO DAGScheduler: Final stage: ResultStage 3 ($anonfun$withThreadLocalCaptured$1 at FutureTask.java:266)
23/08/09 01:16:29 INFO DAGScheduler: Parents of final stage: List()
23/08/09 01:16:29 INFO DAGScheduler: Missing parents: List()
23/08/09 01:16:29 INFO DAGScheduler: Submitting ResultStage 3 (MapPartitionsRDD[33] at $anonfun$withThreadLocalCaptured$1 at FutureTask.java:266), which has no missing parents
23/08/09 01:16:29 INFO MemoryStore: Block broadcast_10 stored as values in memory (estimated size 14.0 KiB, free 888.3 MiB)
23/08/09 01:16:29 INFO MemoryStore: Block broadcast_10_piece0 stored as bytes in memory (estimated size 7.2 KiB, free 888.3 MiB)
23/08/09 01:16:29 INFO BlockManagerInfo: Added broadcast_10_piece0 in memory on DESKTOP-3DFKSNQ:50341 (size: 7.2 KiB, free: 890.7 MiB)
23/08/09 01:16:29 INFO SparkContext: Created broadcast 10 from broadcast at DAGScheduler.scala:1535
23/08/09 01:16:29 INFO DAGScheduler: Submitting 1 missing tasks from ResultStage 3 (MapPartitionsRDD[33] at $anonfun$withThreadLocalCaptured$1 at FutureTask.java:266) (first 15 tasks are for partitions Vector(0))
23/08/09 01:16:29 INFO TaskSchedulerImpl: Adding task set 3.0 with 1 tasks resource profile 0
23/08/09 01:16:29 INFO TaskSetManager: Starting task 0.0 in stage 3.0 (TID 3) (DESKTOP-3DFKSNQ, executor driver, partition 0, PROCESS_LOCAL, 7967 bytes) 
23/08/09 01:16:29 INFO Executor: Running task 0.0 in stage 3.0 (TID 3)
23/08/09 01:16:29 INFO FileScanRDD: Reading File path: file:///C:/Users/ssshi/IdeaProjects/Assignment%201/Dataset/TestFile/ReturnsTestData.csv, range: 0-107, partition values: [empty row]
23/08/09 01:16:29 INFO CodeGenerator: Code generated in 16.2111 ms
23/08/09 01:16:29 INFO CodeGenerator: Code generated in 14.8398 ms
23/08/09 01:16:30 INFO BlockManagerInfo: Removed broadcast_6_piece0 on DESKTOP-3DFKSNQ:50341 in memory (size: 34.1 KiB, free: 890.8 MiB)
23/08/09 01:16:30 INFO BlockManagerInfo: Removed broadcast_8_piece0 on DESKTOP-3DFKSNQ:50341 in memory (size: 34.1 KiB, free: 890.8 MiB)
23/08/09 01:16:30 INFO Executor: Finished task 0.0 in stage 3.0 (TID 3). 1783 bytes result sent to driver
23/08/09 01:16:30 INFO BlockManagerInfo: Removed broadcast_3_piece0 on DESKTOP-3DFKSNQ:50341 in memory (size: 34.1 KiB, free: 890.8 MiB)
23/08/09 01:16:30 INFO TaskSetManager: Finished task 0.0 in stage 3.0 (TID 3) in 227 ms on DESKTOP-3DFKSNQ (executor driver) (1/1)
23/08/09 01:16:30 INFO TaskSchedulerImpl: Removed TaskSet 3.0, whose tasks have all completed, from pool 
23/08/09 01:16:30 INFO DAGScheduler: ResultStage 3 ($anonfun$withThreadLocalCaptured$1 at FutureTask.java:266) finished in 0.243 s
23/08/09 01:16:30 INFO DAGScheduler: Job 3 is finished. Cancelling potential speculative or zombie tasks for this job
23/08/09 01:16:30 INFO TaskSchedulerImpl: Killing all running tasks in stage 3: Stage finished
23/08/09 01:16:30 INFO BlockManagerInfo: Removed broadcast_4_piece0 on DESKTOP-3DFKSNQ:50341 in memory (size: 6.0 KiB, free: 890.9 MiB)
23/08/09 01:16:30 INFO DAGScheduler: Job 3 finished: $anonfun$withThreadLocalCaptured$1 at FutureTask.java:266, took 0.249308 s
23/08/09 01:16:30 INFO BlockManagerInfo: Removed broadcast_7_piece0 on DESKTOP-3DFKSNQ:50341 in memory (size: 6.0 KiB, free: 890.9 MiB)
23/08/09 01:16:30 INFO BlockManagerInfo: Removed broadcast_5_piece0 on DESKTOP-3DFKSNQ:50341 in memory (size: 34.1 KiB, free: 890.9 MiB)
23/08/09 01:16:30 INFO CodeGenerator: Code generated in 11.1647 ms
23/08/09 01:16:30 INFO MemoryStore: Block broadcast_11 stored as values in memory (estimated size 4.0 MiB, free 885.9 MiB)
23/08/09 01:16:30 INFO MemoryStore: Block broadcast_11_piece0 stored as bytes in memory (estimated size 301.0 B, free 885.9 MiB)
23/08/09 01:16:30 INFO BlockManagerInfo: Added broadcast_11_piece0 in memory on DESKTOP-3DFKSNQ:50341 (size: 301.0 B, free: 890.9 MiB)
23/08/09 01:16:30 INFO SparkContext: Created broadcast 11 from $anonfun$withThreadLocalCaptured$1 at FutureTask.java:266
23/08/09 01:16:30 INFO FileSourceStrategy: Pushed Filters: 
23/08/09 01:16:30 INFO FileSourceStrategy: Post-Scan Filters: 
23/08/09 01:16:30 INFO CodeGenerator: Code generated in 284.6953 ms
23/08/09 01:16:30 INFO MemoryStore: Block broadcast_12 stored as values in memory (estimated size 349.1 KiB, free 885.5 MiB)
23/08/09 01:16:30 INFO MemoryStore: Block broadcast_12_piece0 stored as bytes in memory (estimated size 34.1 KiB, free 885.5 MiB)
23/08/09 01:16:30 INFO BlockManagerInfo: Added broadcast_12_piece0 in memory on DESKTOP-3DFKSNQ:50341 (size: 34.1 KiB, free: 890.9 MiB)
23/08/09 01:16:30 INFO SparkContext: Created broadcast 12 from collect at Assignment1Test.java:85
23/08/09 01:16:30 INFO FileSourceScanExec: Planning scan with bin packing, max size: 4194304 bytes, open cost is considered as scanning 4194304 bytes.
23/08/09 01:16:30 INFO DAGScheduler: Registering RDD 37 (collect at Assignment1Test.java:85) as input to shuffle 0
23/08/09 01:16:30 INFO DAGScheduler: Got map stage job 4 (collect at Assignment1Test.java:85) with 1 output partitions
23/08/09 01:16:30 INFO DAGScheduler: Final stage: ShuffleMapStage 4 (collect at Assignment1Test.java:85)
23/08/09 01:16:30 INFO DAGScheduler: Parents of final stage: List()
23/08/09 01:16:30 INFO DAGScheduler: Missing parents: List()
23/08/09 01:16:30 INFO DAGScheduler: Submitting ShuffleMapStage 4 (MapPartitionsRDD[37] at collect at Assignment1Test.java:85), which has no missing parents
23/08/09 01:16:30 INFO MemoryStore: Block broadcast_13 stored as values in memory (estimated size 70.4 KiB, free 885.4 MiB)
23/08/09 01:16:30 INFO MemoryStore: Block broadcast_13_piece0 stored as bytes in memory (estimated size 29.9 KiB, free 885.4 MiB)
23/08/09 01:16:30 INFO BlockManagerInfo: Added broadcast_13_piece0 in memory on DESKTOP-3DFKSNQ:50341 (size: 29.9 KiB, free: 890.8 MiB)
23/08/09 01:16:30 INFO SparkContext: Created broadcast 13 from broadcast at DAGScheduler.scala:1535
23/08/09 01:16:30 INFO DAGScheduler: Submitting 1 missing tasks from ShuffleMapStage 4 (MapPartitionsRDD[37] at collect at Assignment1Test.java:85) (first 15 tasks are for partitions Vector(0))
23/08/09 01:16:30 INFO TaskSchedulerImpl: Adding task set 4.0 with 1 tasks resource profile 0
23/08/09 01:16:31 INFO TaskSetManager: Starting task 0.0 in stage 4.0 (TID 4) (DESKTOP-3DFKSNQ, executor driver, partition 0, PROCESS_LOCAL, 7954 bytes) 
23/08/09 01:16:31 INFO Executor: Running task 0.0 in stage 4.0 (TID 4)
23/08/09 01:16:31 INFO CodeGenerator: Code generated in 35.2565 ms
23/08/09 01:16:31 INFO CodeGenerator: Code generated in 15.4977 ms
23/08/09 01:16:31 INFO CodeGenerator: Code generated in 24.5061 ms
23/08/09 01:16:31 INFO CodeGenerator: Code generated in 26.3161 ms
23/08/09 01:16:31 INFO FileScanRDD: Reading File path: file:///C:/Users/ssshi/IdeaProjects/Assignment%201/Dataset/TestFile/SalesTestData.csv, range: 0-1524, partition values: [empty row]
23/08/09 01:16:31 INFO CodeGenerator: Code generated in 21.6651 ms
23/08/09 01:16:31 INFO Executor: Finished task 0.0 in stage 4.0 (TID 4). 3553 bytes result sent to driver
23/08/09 01:16:31 INFO TaskSetManager: Finished task 0.0 in stage 4.0 (TID 4) in 723 ms on DESKTOP-3DFKSNQ (executor driver) (1/1)
23/08/09 01:16:31 INFO TaskSchedulerImpl: Removed TaskSet 4.0, whose tasks have all completed, from pool 
23/08/09 01:16:31 INFO DAGScheduler: ShuffleMapStage 4 (collect at Assignment1Test.java:85) finished in 0.783 s
23/08/09 01:16:31 INFO DAGScheduler: looking for newly runnable stages
23/08/09 01:16:31 INFO DAGScheduler: running: Set()
23/08/09 01:16:31 INFO DAGScheduler: waiting: Set()
23/08/09 01:16:31 INFO DAGScheduler: failed: Set()
23/08/09 01:16:31 INFO ShufflePartitionsUtil: For shuffle(0), advisory target size: 67108864, actual target size 1048576, minimum partition size: 1048576
23/08/09 01:16:31 INFO HashAggregateExec: spark.sql.codegen.aggregate.map.twolevel.enabled is set to true, but current version of codegened fast hashmap does not support this aggregate.
23/08/09 01:16:31 INFO CodeGenerator: Code generated in 63.0544 ms
23/08/09 01:16:31 INFO BlockManagerInfo: Removed broadcast_13_piece0 on DESKTOP-3DFKSNQ:50341 in memory (size: 29.9 KiB, free: 890.9 MiB)
23/08/09 01:16:31 INFO SparkContext: Starting job: collect at Assignment1Test.java:85
23/08/09 01:16:31 INFO DAGScheduler: Got job 5 (collect at Assignment1Test.java:85) with 1 output partitions
23/08/09 01:16:31 INFO DAGScheduler: Final stage: ResultStage 6 (collect at Assignment1Test.java:85)
23/08/09 01:16:31 INFO DAGScheduler: Parents of final stage: List(ShuffleMapStage 5)
23/08/09 01:16:31 INFO DAGScheduler: Missing parents: List()
23/08/09 01:16:32 INFO DAGScheduler: Submitting ResultStage 6 (MapPartitionsRDD[40] at collect at Assignment1Test.java:85), which has no missing parents
23/08/09 01:16:32 INFO BlockManagerInfo: Removed broadcast_10_piece0 on DESKTOP-3DFKSNQ:50341 in memory (size: 7.2 KiB, free: 890.9 MiB)
23/08/09 01:16:32 INFO MemoryStore: Block broadcast_14 stored as values in memory (estimated size 65.0 KiB, free 885.4 MiB)
23/08/09 01:16:32 INFO MemoryStore: Block broadcast_14_piece0 stored as bytes in memory (estimated size 27.5 KiB, free 885.4 MiB)
23/08/09 01:16:32 INFO BlockManagerInfo: Added broadcast_14_piece0 in memory on DESKTOP-3DFKSNQ:50341 (size: 27.5 KiB, free: 890.8 MiB)
23/08/09 01:16:32 INFO SparkContext: Created broadcast 14 from broadcast at DAGScheduler.scala:1535
23/08/09 01:16:32 INFO DAGScheduler: Submitting 1 missing tasks from ResultStage 6 (MapPartitionsRDD[40] at collect at Assignment1Test.java:85) (first 15 tasks are for partitions Vector(0))
23/08/09 01:16:32 INFO TaskSchedulerImpl: Adding task set 6.0 with 1 tasks resource profile 0
23/08/09 01:16:32 INFO TaskSetManager: Starting task 0.0 in stage 6.0 (TID 5) (DESKTOP-3DFKSNQ, executor driver, partition 0, NODE_LOCAL, 7363 bytes) 
23/08/09 01:16:32 INFO Executor: Running task 0.0 in stage 6.0 (TID 5)
23/08/09 01:16:32 INFO ShuffleBlockFetcherIterator: Getting 1 (852.0 B) non-empty blocks including 1 (852.0 B) local and 0 (0.0 B) host-local and 0 (0.0 B) push-merged-local and 0 (0.0 B) remote blocks
23/08/09 01:16:32 INFO ShuffleBlockFetcherIterator: Started 0 remote fetches in 49 ms
23/08/09 01:16:32 INFO Executor: Finished task 0.0 in stage 6.0 (TID 5). 6146 bytes result sent to driver
23/08/09 01:16:32 INFO TaskSetManager: Finished task 0.0 in stage 6.0 (TID 5) in 346 ms on DESKTOP-3DFKSNQ (executor driver) (1/1)
23/08/09 01:16:32 INFO TaskSchedulerImpl: Removed TaskSet 6.0, whose tasks have all completed, from pool 
23/08/09 01:16:32 INFO DAGScheduler: ResultStage 6 (collect at Assignment1Test.java:85) finished in 0.384 s
23/08/09 01:16:32 INFO DAGScheduler: Job 5 is finished. Cancelling potential speculative or zombie tasks for this job
23/08/09 01:16:32 INFO TaskSchedulerImpl: Killing all running tasks in stage 6: Stage finished
23/08/09 01:16:32 INFO DAGScheduler: Job 5 finished: collect at Assignment1Test.java:85, took 0.430130 s
23/08/09 01:16:32 INFO CodeGenerator: Code generated in 61.0568 ms
23/08/09 01:16:32 INFO FileSourceStrategy: Pushed Filters: 
23/08/09 01:16:32 INFO FileSourceStrategy: Post-Scan Filters: 
23/08/09 01:16:32 INFO CodeGenerator: Code generated in 28.5466 ms
23/08/09 01:16:32 INFO MemoryStore: Block broadcast_15 stored as values in memory (estimated size 349.1 KiB, free 885.1 MiB)
23/08/09 01:16:32 INFO MemoryStore: Block broadcast_15_piece0 stored as bytes in memory (estimated size 34.1 KiB, free 885.0 MiB)
23/08/09 01:16:32 INFO BlockManagerInfo: Added broadcast_15_piece0 in memory on DESKTOP-3DFKSNQ:50341 (size: 34.1 KiB, free: 890.8 MiB)
23/08/09 01:16:32 INFO SparkContext: Created broadcast 15 from collect at Assignment1Test.java:86
23/08/09 01:16:32 INFO FileSourceScanExec: Planning scan with bin packing, max size: 4194304 bytes, open cost is considered as scanning 4194304 bytes.
23/08/09 01:16:32 INFO SparkContext: Starting job: collect at Assignment1Test.java:86
23/08/09 01:16:32 INFO DAGScheduler: Got job 6 (collect at Assignment1Test.java:86) with 1 output partitions
23/08/09 01:16:32 INFO DAGScheduler: Final stage: ResultStage 7 (collect at Assignment1Test.java:86)
23/08/09 01:16:32 INFO DAGScheduler: Parents of final stage: List()
23/08/09 01:16:32 INFO DAGScheduler: Missing parents: List()
23/08/09 01:16:32 INFO DAGScheduler: Submitting ResultStage 7 (MapPartitionsRDD[44] at collect at Assignment1Test.java:86), which has no missing parents
23/08/09 01:16:32 INFO MemoryStore: Block broadcast_16 stored as values in memory (estimated size 16.2 KiB, free 885.0 MiB)
23/08/09 01:16:32 INFO MemoryStore: Block broadcast_16_piece0 stored as bytes in memory (estimated size 7.6 KiB, free 885.0 MiB)
23/08/09 01:16:32 INFO BlockManagerInfo: Added broadcast_16_piece0 in memory on DESKTOP-3DFKSNQ:50341 (size: 7.6 KiB, free: 890.8 MiB)
23/08/09 01:16:32 INFO SparkContext: Created broadcast 16 from broadcast at DAGScheduler.scala:1535
23/08/09 01:16:32 INFO DAGScheduler: Submitting 1 missing tasks from ResultStage 7 (MapPartitionsRDD[44] at collect at Assignment1Test.java:86) (first 15 tasks are for partitions Vector(0))
23/08/09 01:16:32 INFO TaskSchedulerImpl: Adding task set 7.0 with 1 tasks resource profile 0
23/08/09 01:16:32 INFO TaskSetManager: Starting task 0.0 in stage 7.0 (TID 6) (DESKTOP-3DFKSNQ, executor driver, partition 0, PROCESS_LOCAL, 7967 bytes) 
23/08/09 01:16:32 INFO Executor: Running task 0.0 in stage 7.0 (TID 6)
23/08/09 01:16:32 INFO FileScanRDD: Reading File path: file:///C:/Users/ssshi/IdeaProjects/Assignment%201/Dataset/TestFile/ExpectedDataSet.csv, range: 0-287, partition values: [empty row]
23/08/09 01:16:32 INFO Executor: Finished task 0.0 in stage 7.0 (TID 6). 1751 bytes result sent to driver
23/08/09 01:16:32 INFO TaskSetManager: Finished task 0.0 in stage 7.0 (TID 6) in 66 ms on DESKTOP-3DFKSNQ (executor driver) (1/1)
23/08/09 01:16:32 INFO TaskSchedulerImpl: Removed TaskSet 7.0, whose tasks have all completed, from pool 
23/08/09 01:16:32 INFO DAGScheduler: ResultStage 7 (collect at Assignment1Test.java:86) finished in 0.103 s
23/08/09 01:16:32 INFO DAGScheduler: Job 6 is finished. Cancelling potential speculative or zombie tasks for this job
23/08/09 01:16:32 INFO TaskSchedulerImpl: Killing all running tasks in stage 7: Stage finished
23/08/09 01:16:32 INFO DAGScheduler: Job 6 finished: collect at Assignment1Test.java:86, took 0.123880 s
]]></system-err>
  </testcase>
  <testcase name="testSalesDataProcessingCount" classname="SparkTest.Assignment1Test" time="4.122">
    <system-out><![CDATA[+--------------------+----------+------------+-----------+-------------+---------------+-------------+----------+------------+---------+--------+--------+--------+-------------+-------+
|            Order ID|Order Date|   Ship Mode|    Segment|         City|          State|      Country|  Category|Sub-Category|    Sales|Quantity|Discount|  Profit|Shipping Cost|Returns|
+--------------------+----------+------------+-----------+-------------+---------------+-------------+----------+------------+---------+--------+--------+--------+-------------+-------+
|CA-2014-AB1001514...|11/11/2014| First Class|   Consumer|Oklahoma City|       Oklahoma|United States|Technology|      Phones|  $221.98|       2|       0|  $62.15|        40.77|     No|
|IN-2014-JR162107-...|02/05/2014|Second Class|  Corporate|   Wollongong|New South Wales|    Australia| Furniture|      Chairs|$3,709.40|       9|     0.1|-$288.77|       923.63|     No|
|IN-2014-CR127307-...|10/17/2014| First Class|   Consumer|     Brisbane|     Queensland|    Australia|Technology|      Phones|$5,175.17|       9|     0.1| $919.97|       915.49|     No|
|ES-2014-KM1637548...|01/28/2014| First Class|Home Office|       Berlin|         Berlin|      Germany|Technology|      Phones|$2,892.51|       5|     0.1| -$96.54|       910.16|     No|
|SG-2014-RH9495111...|11/05/2014|    Same Day|   Consumer|        Dakar|          Dakar|      Senegal|Technology|      Phones|$2,832.96|       8|       0| $311.52|       903.04|     No|
|IN-2014-JM156557-...|06/28/2014|Second Class|  Corporate|       Sydney|New South Wales|    Australia|Technology|      Phones|$2,862.68|       5|     0.1| $763.28|       897.35|     No|
|IN-2012-TS2134092...|11/06/2012| First Class|   Consumer|      Porirua|     Wellington|  New Zealand| Furniture|      Phones|$1,822.08|       4|       0| $564.84|       894.77|     No|
|IN-2012-PB1921012...|12/16/2012| First Class|  Corporate|       Taipei|    Taipei City|       Taiwan| Furniture|      Tables|$1,715.16|       2|       0| $720.36|       725.57|    Yes|
|IN-2012-PB1921012...|12/16/2012| First Class|  Corporate|       Taipei|    Taipei City|       Taiwan| Furniture|   Bookcases|$2,197.50|       5|       0| $153.75|       627.27|    Yes|
|IN-2015-JH158207-...|05/16/2015|Second Class|   Consumer|    Melbourne|       Victoria|    Australia|Technology|      Phones|$2,863.35|       5|     0.1| $858.90|       581.88|    Yes|
+--------------------+----------+------------+-----------+-------------+---------------+-------------+----------+------------+---------+--------+--------+--------+-------------+-------+

+--------------------+--------+
|            Order ID|Returned|
+--------------------+--------+
|CA-2012-SA2083014...|     Yes|
|IN-2012-PB1921012...|     Yes|
|IN-2015-JH158207-...|     Yes|
+--------------------+--------+

+----+-----+----------+------------+-----------------+-----------+
|Year|Month|  Category|Sub-Category|TotalQuantitySold|TotalProfit|
+----+-----+----------+------------+-----------------+-----------+
|2014|    1|Technology|      Phones|                5|    $ 96.54|
|2014|    6|Technology|      Phones|                5|   $ 763.28|
|2014|   11|Technology|      Phones|               10|   $ 373.67|
|2014|   10|Technology|      Phones|                9|   $ 919.97|
|2012|   11| Furniture|      Phones|                4|   $ 564.84|
|2014|    2| Furniture|      Chairs|                9|   $ 288.77|
+----+-----+----------+------------+-----------------+-----------+

]]></system-out>
    <system-err><![CDATA[23/08/09 01:16:32 INFO InMemoryFileIndex: It took 3 ms to list leaf files for 1 paths.
23/08/09 01:16:32 INFO InMemoryFileIndex: It took 5 ms to list leaf files for 1 paths.
23/08/09 01:16:33 INFO FileSourceStrategy: Pushed Filters: 
23/08/09 01:16:33 INFO FileSourceStrategy: Post-Scan Filters: (length(trim(value#407, None)) > 0)
23/08/09 01:16:33 INFO MemoryStore: Block broadcast_17 stored as values in memory (estimated size 349.3 KiB, free 884.7 MiB)
23/08/09 01:16:33 INFO MemoryStore: Block broadcast_17_piece0 stored as bytes in memory (estimated size 34.1 KiB, free 884.6 MiB)
23/08/09 01:16:33 INFO BlockManagerInfo: Added broadcast_17_piece0 in memory on DESKTOP-3DFKSNQ:50341 (size: 34.1 KiB, free: 890.8 MiB)
23/08/09 01:16:33 INFO SparkContext: Created broadcast 17 from csv at Assignment1Test.java:37
23/08/09 01:16:33 INFO FileSourceScanExec: Planning scan with bin packing, max size: 4194304 bytes, open cost is considered as scanning 4194304 bytes.
23/08/09 01:16:33 INFO SparkContext: Starting job: csv at Assignment1Test.java:37
23/08/09 01:16:33 INFO DAGScheduler: Got job 7 (csv at Assignment1Test.java:37) with 1 output partitions
23/08/09 01:16:33 INFO DAGScheduler: Final stage: ResultStage 8 (csv at Assignment1Test.java:37)
23/08/09 01:16:33 INFO DAGScheduler: Parents of final stage: List()
23/08/09 01:16:33 INFO DAGScheduler: Missing parents: List()
23/08/09 01:16:33 INFO DAGScheduler: Submitting ResultStage 8 (MapPartitionsRDD[48] at csv at Assignment1Test.java:37), which has no missing parents
23/08/09 01:16:33 INFO MemoryStore: Block broadcast_18 stored as values in memory (estimated size 12.1 KiB, free 884.6 MiB)
23/08/09 01:16:33 INFO MemoryStore: Block broadcast_18_piece0 stored as bytes in memory (estimated size 6.0 KiB, free 884.6 MiB)
23/08/09 01:16:33 INFO BlockManagerInfo: Added broadcast_18_piece0 in memory on DESKTOP-3DFKSNQ:50341 (size: 6.0 KiB, free: 890.8 MiB)
23/08/09 01:16:33 INFO SparkContext: Created broadcast 18 from broadcast at DAGScheduler.scala:1535
23/08/09 01:16:33 INFO DAGScheduler: Submitting 1 missing tasks from ResultStage 8 (MapPartitionsRDD[48] at csv at Assignment1Test.java:37) (first 15 tasks are for partitions Vector(0))
23/08/09 01:16:33 INFO TaskSchedulerImpl: Adding task set 8.0 with 1 tasks resource profile 0
23/08/09 01:16:33 INFO TaskSetManager: Starting task 0.0 in stage 8.0 (TID 7) (DESKTOP-3DFKSNQ, executor driver, partition 0, PROCESS_LOCAL, 7965 bytes) 
23/08/09 01:16:33 INFO Executor: Running task 0.0 in stage 8.0 (TID 7)
23/08/09 01:16:33 INFO FileScanRDD: Reading File path: file:///C:/Users/ssshi/IdeaProjects/Assignment%201/Dataset/TestFile/SalesTestData.csv, range: 0-1524, partition values: [empty row]
23/08/09 01:16:33 INFO Executor: Finished task 0.0 in stage 8.0 (TID 7). 1607 bytes result sent to driver
23/08/09 01:16:33 INFO TaskSetManager: Finished task 0.0 in stage 8.0 (TID 7) in 13 ms on DESKTOP-3DFKSNQ (executor driver) (1/1)
23/08/09 01:16:33 INFO TaskSchedulerImpl: Removed TaskSet 8.0, whose tasks have all completed, from pool 
23/08/09 01:16:33 INFO DAGScheduler: ResultStage 8 (csv at Assignment1Test.java:37) finished in 0.021 s
23/08/09 01:16:33 INFO DAGScheduler: Job 7 is finished. Cancelling potential speculative or zombie tasks for this job
23/08/09 01:16:33 INFO TaskSchedulerImpl: Killing all running tasks in stage 8: Stage finished
23/08/09 01:16:33 INFO DAGScheduler: Job 7 finished: csv at Assignment1Test.java:37, took 0.023961 s
23/08/09 01:16:33 INFO FileSourceStrategy: Pushed Filters: 
23/08/09 01:16:33 INFO FileSourceStrategy: Post-Scan Filters: 
23/08/09 01:16:33 INFO MemoryStore: Block broadcast_19 stored as values in memory (estimated size 349.3 KiB, free 884.3 MiB)
23/08/09 01:16:33 INFO MemoryStore: Block broadcast_19_piece0 stored as bytes in memory (estimated size 34.1 KiB, free 884.2 MiB)
23/08/09 01:16:33 INFO BlockManagerInfo: Added broadcast_19_piece0 in memory on DESKTOP-3DFKSNQ:50341 (size: 34.1 KiB, free: 890.7 MiB)
23/08/09 01:16:33 INFO SparkContext: Created broadcast 19 from csv at Assignment1Test.java:37
23/08/09 01:16:33 INFO FileSourceScanExec: Planning scan with bin packing, max size: 4194304 bytes, open cost is considered as scanning 4194304 bytes.
23/08/09 01:16:33 INFO InMemoryFileIndex: It took 5 ms to list leaf files for 1 paths.
23/08/09 01:16:33 INFO InMemoryFileIndex: It took 1 ms to list leaf files for 1 paths.
23/08/09 01:16:33 INFO FileSourceStrategy: Pushed Filters: 
23/08/09 01:16:33 INFO FileSourceStrategy: Post-Scan Filters: (length(trim(value#454, None)) > 0)
23/08/09 01:16:33 INFO MemoryStore: Block broadcast_20 stored as values in memory (estimated size 349.3 KiB, free 883.9 MiB)
23/08/09 01:16:33 INFO MemoryStore: Block broadcast_20_piece0 stored as bytes in memory (estimated size 34.1 KiB, free 883.9 MiB)
23/08/09 01:16:33 INFO BlockManagerInfo: Added broadcast_20_piece0 in memory on DESKTOP-3DFKSNQ:50341 (size: 34.1 KiB, free: 890.7 MiB)
23/08/09 01:16:33 INFO SparkContext: Created broadcast 20 from csv at Assignment1Test.java:38
23/08/09 01:16:33 INFO FileSourceScanExec: Planning scan with bin packing, max size: 4194304 bytes, open cost is considered as scanning 4194304 bytes.
23/08/09 01:16:33 INFO SparkContext: Starting job: csv at Assignment1Test.java:38
23/08/09 01:16:33 INFO DAGScheduler: Got job 8 (csv at Assignment1Test.java:38) with 1 output partitions
23/08/09 01:16:33 INFO DAGScheduler: Final stage: ResultStage 9 (csv at Assignment1Test.java:38)
23/08/09 01:16:33 INFO DAGScheduler: Parents of final stage: List()
23/08/09 01:16:33 INFO DAGScheduler: Missing parents: List()
23/08/09 01:16:33 INFO DAGScheduler: Submitting ResultStage 9 (MapPartitionsRDD[58] at csv at Assignment1Test.java:38), which has no missing parents
23/08/09 01:16:33 INFO MemoryStore: Block broadcast_21 stored as values in memory (estimated size 12.1 KiB, free 883.9 MiB)
23/08/09 01:16:33 INFO MemoryStore: Block broadcast_21_piece0 stored as bytes in memory (estimated size 6.0 KiB, free 883.9 MiB)
23/08/09 01:16:33 INFO BlockManagerInfo: Added broadcast_21_piece0 in memory on DESKTOP-3DFKSNQ:50341 (size: 6.0 KiB, free: 890.7 MiB)
23/08/09 01:16:33 INFO SparkContext: Created broadcast 21 from broadcast at DAGScheduler.scala:1535
23/08/09 01:16:33 INFO DAGScheduler: Submitting 1 missing tasks from ResultStage 9 (MapPartitionsRDD[58] at csv at Assignment1Test.java:38) (first 15 tasks are for partitions Vector(0))
23/08/09 01:16:33 INFO TaskSchedulerImpl: Adding task set 9.0 with 1 tasks resource profile 0
23/08/09 01:16:33 INFO TaskSetManager: Starting task 0.0 in stage 9.0 (TID 8) (DESKTOP-3DFKSNQ, executor driver, partition 0, PROCESS_LOCAL, 7967 bytes) 
23/08/09 01:16:33 INFO Executor: Running task 0.0 in stage 9.0 (TID 8)
23/08/09 01:16:33 INFO FileScanRDD: Reading File path: file:///C:/Users/ssshi/IdeaProjects/Assignment%201/Dataset/TestFile/ReturnsTestData.csv, range: 0-107, partition values: [empty row]
23/08/09 01:16:33 INFO Executor: Finished task 0.0 in stage 9.0 (TID 8). 1593 bytes result sent to driver
23/08/09 01:16:33 INFO TaskSetManager: Finished task 0.0 in stage 9.0 (TID 8) in 56 ms on DESKTOP-3DFKSNQ (executor driver) (1/1)
23/08/09 01:16:33 INFO TaskSchedulerImpl: Removed TaskSet 9.0, whose tasks have all completed, from pool 
23/08/09 01:16:33 INFO DAGScheduler: ResultStage 9 (csv at Assignment1Test.java:38) finished in 0.080 s
23/08/09 01:16:33 INFO DAGScheduler: Job 8 is finished. Cancelling potential speculative or zombie tasks for this job
23/08/09 01:16:33 INFO TaskSchedulerImpl: Killing all running tasks in stage 9: Stage finished
23/08/09 01:16:33 INFO DAGScheduler: Job 8 finished: csv at Assignment1Test.java:38, took 0.088052 s
23/08/09 01:16:33 INFO FileSourceStrategy: Pushed Filters: 
23/08/09 01:16:33 INFO FileSourceStrategy: Post-Scan Filters: 
23/08/09 01:16:33 INFO MemoryStore: Block broadcast_22 stored as values in memory (estimated size 349.3 KiB, free 883.5 MiB)
23/08/09 01:16:33 INFO MemoryStore: Block broadcast_22_piece0 stored as bytes in memory (estimated size 34.1 KiB, free 883.5 MiB)
23/08/09 01:16:33 INFO BlockManagerInfo: Added broadcast_22_piece0 in memory on DESKTOP-3DFKSNQ:50341 (size: 34.1 KiB, free: 890.7 MiB)
23/08/09 01:16:33 INFO SparkContext: Created broadcast 22 from csv at Assignment1Test.java:38
23/08/09 01:16:33 INFO FileSourceScanExec: Planning scan with bin packing, max size: 4194304 bytes, open cost is considered as scanning 4194304 bytes.
23/08/09 01:16:33 INFO FileSourceStrategy: Pushed Filters: 
23/08/09 01:16:33 INFO FileSourceStrategy: Post-Scan Filters: 
23/08/09 01:16:33 INFO CodeGenerator: Code generated in 85.4691 ms
23/08/09 01:16:33 INFO MemoryStore: Block broadcast_23 stored as values in memory (estimated size 349.1 KiB, free 883.1 MiB)
23/08/09 01:16:34 INFO BlockManagerInfo: Removed broadcast_14_piece0 on DESKTOP-3DFKSNQ:50341 in memory (size: 27.5 KiB, free: 890.7 MiB)
23/08/09 01:16:34 INFO BlockManagerInfo: Removed broadcast_15_piece0 on DESKTOP-3DFKSNQ:50341 in memory (size: 34.1 KiB, free: 890.7 MiB)
23/08/09 01:16:34 INFO MemoryStore: Block broadcast_23_piece0 stored as bytes in memory (estimated size 34.1 KiB, free 883.6 MiB)
23/08/09 01:16:34 INFO BlockManagerInfo: Added broadcast_23_piece0 in memory on DESKTOP-3DFKSNQ:50341 (size: 34.1 KiB, free: 890.7 MiB)
23/08/09 01:16:34 INFO BlockManagerInfo: Removed broadcast_20_piece0 on DESKTOP-3DFKSNQ:50341 in memory (size: 34.1 KiB, free: 890.7 MiB)
23/08/09 01:16:34 INFO SparkContext: Created broadcast 23 from show at Assignment1Test.java:50
23/08/09 01:16:34 INFO FileSourceScanExec: Planning scan with bin packing, max size: 4194304 bytes, open cost is considered as scanning 4194304 bytes.
23/08/09 01:16:34 INFO BlockManagerInfo: Removed broadcast_21_piece0 on DESKTOP-3DFKSNQ:50341 in memory (size: 6.0 KiB, free: 890.7 MiB)
23/08/09 01:16:34 INFO BlockManagerInfo: Removed broadcast_17_piece0 on DESKTOP-3DFKSNQ:50341 in memory (size: 34.1 KiB, free: 890.8 MiB)
23/08/09 01:16:34 INFO BlockManagerInfo: Removed broadcast_9_piece0 on DESKTOP-3DFKSNQ:50341 in memory (size: 34.1 KiB, free: 890.8 MiB)
23/08/09 01:16:34 INFO SparkContext: Starting job: show at Assignment1Test.java:50
23/08/09 01:16:34 INFO BlockManagerInfo: Removed broadcast_11_piece0 on DESKTOP-3DFKSNQ:50341 in memory (size: 301.0 B, free: 890.8 MiB)
23/08/09 01:16:34 INFO DAGScheduler: Got job 9 (show at Assignment1Test.java:50) with 1 output partitions
23/08/09 01:16:34 INFO DAGScheduler: Final stage: ResultStage 10 (show at Assignment1Test.java:50)
23/08/09 01:16:34 INFO DAGScheduler: Parents of final stage: List()
23/08/09 01:16:34 INFO DAGScheduler: Missing parents: List()
23/08/09 01:16:34 INFO DAGScheduler: Submitting ResultStage 10 (MapPartitionsRDD[68] at show at Assignment1Test.java:50), which has no missing parents
23/08/09 01:16:34 INFO MemoryStore: Block broadcast_24 stored as values in memory (estimated size 24.8 KiB, free 888.7 MiB)
23/08/09 01:16:34 INFO MemoryStore: Block broadcast_24_piece0 stored as bytes in memory (estimated size 9.7 KiB, free 888.7 MiB)
23/08/09 01:16:34 INFO BlockManagerInfo: Added broadcast_24_piece0 in memory on DESKTOP-3DFKSNQ:50341 (size: 9.7 KiB, free: 890.8 MiB)
23/08/09 01:16:34 INFO SparkContext: Created broadcast 24 from broadcast at DAGScheduler.scala:1535
23/08/09 01:16:34 INFO DAGScheduler: Submitting 1 missing tasks from ResultStage 10 (MapPartitionsRDD[68] at show at Assignment1Test.java:50) (first 15 tasks are for partitions Vector(0))
23/08/09 01:16:34 INFO TaskSchedulerImpl: Adding task set 10.0 with 1 tasks resource profile 0
23/08/09 01:16:34 INFO BlockManagerInfo: Removed broadcast_22_piece0 on DESKTOP-3DFKSNQ:50341 in memory (size: 34.1 KiB, free: 890.8 MiB)
23/08/09 01:16:34 INFO TaskSetManager: Starting task 0.0 in stage 10.0 (TID 9) (DESKTOP-3DFKSNQ, executor driver, partition 0, PROCESS_LOCAL, 7965 bytes) 
23/08/09 01:16:34 INFO Executor: Running task 0.0 in stage 10.0 (TID 9)
23/08/09 01:16:34 INFO BlockManagerInfo: Removed broadcast_19_piece0 on DESKTOP-3DFKSNQ:50341 in memory (size: 34.1 KiB, free: 890.8 MiB)
23/08/09 01:16:34 INFO FileScanRDD: Reading File path: file:///C:/Users/ssshi/IdeaProjects/Assignment%201/Dataset/TestFile/SalesTestData.csv, range: 0-1524, partition values: [empty row]
23/08/09 01:16:34 INFO BlockManagerInfo: Removed broadcast_12_piece0 on DESKTOP-3DFKSNQ:50341 in memory (size: 34.1 KiB, free: 890.9 MiB)
23/08/09 01:16:34 INFO BlockManagerInfo: Removed broadcast_18_piece0 on DESKTOP-3DFKSNQ:50341 in memory (size: 6.0 KiB, free: 890.9 MiB)
23/08/09 01:16:34 INFO BlockManagerInfo: Removed broadcast_16_piece0 on DESKTOP-3DFKSNQ:50341 in memory (size: 7.6 KiB, free: 890.9 MiB)
23/08/09 01:16:34 INFO CodeGenerator: Code generated in 19.3248 ms
23/08/09 01:16:34 INFO Executor: Finished task 0.0 in stage 10.0 (TID 9). 3155 bytes result sent to driver
23/08/09 01:16:34 INFO TaskSetManager: Finished task 0.0 in stage 10.0 (TID 9) in 72 ms on DESKTOP-3DFKSNQ (executor driver) (1/1)
23/08/09 01:16:34 INFO TaskSchedulerImpl: Removed TaskSet 10.0, whose tasks have all completed, from pool 
23/08/09 01:16:34 INFO DAGScheduler: ResultStage 10 (show at Assignment1Test.java:50) finished in 0.093 s
23/08/09 01:16:34 INFO DAGScheduler: Job 9 is finished. Cancelling potential speculative or zombie tasks for this job
23/08/09 01:16:34 INFO TaskSchedulerImpl: Killing all running tasks in stage 10: Stage finished
23/08/09 01:16:34 INFO DAGScheduler: Job 9 finished: show at Assignment1Test.java:50, took 0.098237 s
23/08/09 01:16:34 INFO CodeGenerator: Code generated in 29.9101 ms
23/08/09 01:16:34 INFO FileSourceStrategy: Pushed Filters: 
23/08/09 01:16:34 INFO FileSourceStrategy: Post-Scan Filters: 
23/08/09 01:16:34 INFO MemoryStore: Block broadcast_25 stored as values in memory (estimated size 349.1 KiB, free 889.5 MiB)
23/08/09 01:16:34 INFO MemoryStore: Block broadcast_25_piece0 stored as bytes in memory (estimated size 34.1 KiB, free 889.5 MiB)
23/08/09 01:16:34 INFO BlockManagerInfo: Added broadcast_25_piece0 in memory on DESKTOP-3DFKSNQ:50341 (size: 34.1 KiB, free: 890.9 MiB)
23/08/09 01:16:34 INFO SparkContext: Created broadcast 25 from show at Assignment1Test.java:51
23/08/09 01:16:34 INFO FileSourceScanExec: Planning scan with bin packing, max size: 4194304 bytes, open cost is considered as scanning 4194304 bytes.
23/08/09 01:16:34 INFO SparkContext: Starting job: show at Assignment1Test.java:51
23/08/09 01:16:34 INFO DAGScheduler: Got job 10 (show at Assignment1Test.java:51) with 1 output partitions
23/08/09 01:16:34 INFO DAGScheduler: Final stage: ResultStage 11 (show at Assignment1Test.java:51)
23/08/09 01:16:34 INFO DAGScheduler: Parents of final stage: List()
23/08/09 01:16:34 INFO DAGScheduler: Missing parents: List()
23/08/09 01:16:34 INFO DAGScheduler: Submitting ResultStage 11 (MapPartitionsRDD[71] at show at Assignment1Test.java:51), which has no missing parents
23/08/09 01:16:34 INFO MemoryStore: Block broadcast_26 stored as values in memory (estimated size 10.7 KiB, free 889.5 MiB)
23/08/09 01:16:34 INFO MemoryStore: Block broadcast_26_piece0 stored as bytes in memory (estimated size 5.9 KiB, free 889.5 MiB)
23/08/09 01:16:34 INFO BlockManagerInfo: Added broadcast_26_piece0 in memory on DESKTOP-3DFKSNQ:50341 (size: 5.9 KiB, free: 890.9 MiB)
23/08/09 01:16:34 INFO SparkContext: Created broadcast 26 from broadcast at DAGScheduler.scala:1535
23/08/09 01:16:34 INFO DAGScheduler: Submitting 1 missing tasks from ResultStage 11 (MapPartitionsRDD[71] at show at Assignment1Test.java:51) (first 15 tasks are for partitions Vector(0))
23/08/09 01:16:34 INFO TaskSchedulerImpl: Adding task set 11.0 with 1 tasks resource profile 0
23/08/09 01:16:34 INFO TaskSetManager: Starting task 0.0 in stage 11.0 (TID 10) (DESKTOP-3DFKSNQ, executor driver, partition 0, PROCESS_LOCAL, 7967 bytes) 
23/08/09 01:16:34 INFO Executor: Running task 0.0 in stage 11.0 (TID 10)
23/08/09 01:16:34 INFO FileScanRDD: Reading File path: file:///C:/Users/ssshi/IdeaProjects/Assignment%201/Dataset/TestFile/ReturnsTestData.csv, range: 0-107, partition values: [empty row]
23/08/09 01:16:34 INFO Executor: Finished task 0.0 in stage 11.0 (TID 10). 1490 bytes result sent to driver
23/08/09 01:16:34 INFO TaskSetManager: Finished task 0.0 in stage 11.0 (TID 10) in 33 ms on DESKTOP-3DFKSNQ (executor driver) (1/1)
23/08/09 01:16:34 INFO TaskSchedulerImpl: Removed TaskSet 11.0, whose tasks have all completed, from pool 
23/08/09 01:16:34 INFO DAGScheduler: ResultStage 11 (show at Assignment1Test.java:51) finished in 0.061 s
23/08/09 01:16:34 INFO DAGScheduler: Job 10 is finished. Cancelling potential speculative or zombie tasks for this job
23/08/09 01:16:34 INFO TaskSchedulerImpl: Killing all running tasks in stage 11: Stage finished
23/08/09 01:16:34 INFO DAGScheduler: Job 10 finished: show at Assignment1Test.java:51, took 0.067691 s
23/08/09 01:16:34 INFO CodeGenerator: Code generated in 25.6585 ms
23/08/09 01:16:34 INFO FileSourceStrategy: Pushed Filters: 
23/08/09 01:16:34 INFO FileSourceStrategy: Post-Scan Filters: 
23/08/09 01:16:34 INFO FileSourceStrategy: Pushed Filters: IsNotNull(Order ID)
23/08/09 01:16:34 INFO FileSourceStrategy: Post-Scan Filters: isnotnull(Order ID#471)
23/08/09 01:16:35 INFO MemoryStore: Block broadcast_27 stored as values in memory (estimated size 349.1 KiB, free 889.1 MiB)
23/08/09 01:16:35 INFO MemoryStore: Block broadcast_27_piece0 stored as bytes in memory (estimated size 34.1 KiB, free 889.1 MiB)
23/08/09 01:16:35 INFO BlockManagerInfo: Added broadcast_27_piece0 in memory on DESKTOP-3DFKSNQ:50341 (size: 34.1 KiB, free: 890.8 MiB)
23/08/09 01:16:35 INFO SparkContext: Created broadcast 27 from $anonfun$withThreadLocalCaptured$1 at FutureTask.java:266
23/08/09 01:16:35 INFO FileSourceScanExec: Planning scan with bin packing, max size: 4194304 bytes, open cost is considered as scanning 4194304 bytes.
23/08/09 01:16:35 INFO SparkContext: Starting job: $anonfun$withThreadLocalCaptured$1 at FutureTask.java:266
23/08/09 01:16:35 INFO DAGScheduler: Got job 11 ($anonfun$withThreadLocalCaptured$1 at FutureTask.java:266) with 1 output partitions
23/08/09 01:16:35 INFO DAGScheduler: Final stage: ResultStage 12 ($anonfun$withThreadLocalCaptured$1 at FutureTask.java:266)
23/08/09 01:16:35 INFO DAGScheduler: Parents of final stage: List()
23/08/09 01:16:35 INFO DAGScheduler: Missing parents: List()
23/08/09 01:16:35 INFO DAGScheduler: Submitting ResultStage 12 (MapPartitionsRDD[75] at $anonfun$withThreadLocalCaptured$1 at FutureTask.java:266), which has no missing parents
23/08/09 01:16:35 INFO MemoryStore: Block broadcast_28 stored as values in memory (estimated size 14.0 KiB, free 889.1 MiB)
23/08/09 01:16:35 INFO MemoryStore: Block broadcast_28_piece0 stored as bytes in memory (estimated size 7.2 KiB, free 889.1 MiB)
23/08/09 01:16:35 INFO BlockManagerInfo: Added broadcast_28_piece0 in memory on DESKTOP-3DFKSNQ:50341 (size: 7.2 KiB, free: 890.8 MiB)
23/08/09 01:16:35 INFO SparkContext: Created broadcast 28 from broadcast at DAGScheduler.scala:1535
23/08/09 01:16:35 INFO DAGScheduler: Submitting 1 missing tasks from ResultStage 12 (MapPartitionsRDD[75] at $anonfun$withThreadLocalCaptured$1 at FutureTask.java:266) (first 15 tasks are for partitions Vector(0))
23/08/09 01:16:35 INFO TaskSchedulerImpl: Adding task set 12.0 with 1 tasks resource profile 0
23/08/09 01:16:35 INFO TaskSetManager: Starting task 0.0 in stage 12.0 (TID 11) (DESKTOP-3DFKSNQ, executor driver, partition 0, PROCESS_LOCAL, 7967 bytes) 
23/08/09 01:16:35 INFO Executor: Running task 0.0 in stage 12.0 (TID 11)
23/08/09 01:16:35 INFO FileScanRDD: Reading File path: file:///C:/Users/ssshi/IdeaProjects/Assignment%201/Dataset/TestFile/ReturnsTestData.csv, range: 0-107, partition values: [empty row]
23/08/09 01:16:35 INFO Executor: Finished task 0.0 in stage 12.0 (TID 11). 1611 bytes result sent to driver
23/08/09 01:16:35 INFO TaskSetManager: Finished task 0.0 in stage 12.0 (TID 11) in 21 ms on DESKTOP-3DFKSNQ (executor driver) (1/1)
23/08/09 01:16:35 INFO TaskSchedulerImpl: Removed TaskSet 12.0, whose tasks have all completed, from pool 
23/08/09 01:16:35 INFO DAGScheduler: ResultStage 12 ($anonfun$withThreadLocalCaptured$1 at FutureTask.java:266) finished in 0.033 s
23/08/09 01:16:35 INFO DAGScheduler: Job 11 is finished. Cancelling potential speculative or zombie tasks for this job
23/08/09 01:16:35 INFO TaskSchedulerImpl: Killing all running tasks in stage 12: Stage finished
23/08/09 01:16:35 INFO DAGScheduler: Job 11 finished: $anonfun$withThreadLocalCaptured$1 at FutureTask.java:266, took 0.037584 s
23/08/09 01:16:35 INFO MemoryStore: Block broadcast_29 stored as values in memory (estimated size 4.0 MiB, free 885.1 MiB)
23/08/09 01:16:35 INFO MemoryStore: Block broadcast_29_piece0 stored as bytes in memory (estimated size 301.0 B, free 885.1 MiB)
23/08/09 01:16:35 INFO BlockManagerInfo: Added broadcast_29_piece0 in memory on DESKTOP-3DFKSNQ:50341 (size: 301.0 B, free: 890.8 MiB)
23/08/09 01:16:35 INFO SparkContext: Created broadcast 29 from $anonfun$withThreadLocalCaptured$1 at FutureTask.java:266
23/08/09 01:16:35 INFO FileSourceStrategy: Pushed Filters: 
23/08/09 01:16:35 INFO FileSourceStrategy: Post-Scan Filters: 
23/08/09 01:16:35 INFO MemoryStore: Block broadcast_30 stored as values in memory (estimated size 349.1 KiB, free 884.7 MiB)
23/08/09 01:16:35 INFO MemoryStore: Block broadcast_30_piece0 stored as bytes in memory (estimated size 34.1 KiB, free 884.7 MiB)
23/08/09 01:16:35 INFO BlockManagerInfo: Added broadcast_30_piece0 in memory on DESKTOP-3DFKSNQ:50341 (size: 34.1 KiB, free: 890.8 MiB)
23/08/09 01:16:35 INFO SparkContext: Created broadcast 30 from show at Assignment1Test.java:54
23/08/09 01:16:35 INFO FileSourceScanExec: Planning scan with bin packing, max size: 4194304 bytes, open cost is considered as scanning 4194304 bytes.
23/08/09 01:16:35 INFO DAGScheduler: Registering RDD 79 (show at Assignment1Test.java:54) as input to shuffle 1
23/08/09 01:16:35 INFO DAGScheduler: Got map stage job 12 (show at Assignment1Test.java:54) with 1 output partitions
23/08/09 01:16:35 INFO DAGScheduler: Final stage: ShuffleMapStage 13 (show at Assignment1Test.java:54)
23/08/09 01:16:35 INFO DAGScheduler: Parents of final stage: List()
23/08/09 01:16:35 INFO DAGScheduler: Missing parents: List()
23/08/09 01:16:35 INFO DAGScheduler: Submitting ShuffleMapStage 13 (MapPartitionsRDD[79] at show at Assignment1Test.java:54), which has no missing parents
23/08/09 01:16:35 INFO MemoryStore: Block broadcast_31 stored as values in memory (estimated size 70.4 KiB, free 884.6 MiB)
23/08/09 01:16:35 INFO MemoryStore: Block broadcast_31_piece0 stored as bytes in memory (estimated size 30.0 KiB, free 884.6 MiB)
23/08/09 01:16:35 INFO BlockManagerInfo: Added broadcast_31_piece0 in memory on DESKTOP-3DFKSNQ:50341 (size: 30.0 KiB, free: 890.7 MiB)
23/08/09 01:16:35 INFO SparkContext: Created broadcast 31 from broadcast at DAGScheduler.scala:1535
23/08/09 01:16:35 INFO DAGScheduler: Submitting 1 missing tasks from ShuffleMapStage 13 (MapPartitionsRDD[79] at show at Assignment1Test.java:54) (first 15 tasks are for partitions Vector(0))
23/08/09 01:16:35 INFO TaskSchedulerImpl: Adding task set 13.0 with 1 tasks resource profile 0
23/08/09 01:16:35 INFO TaskSetManager: Starting task 0.0 in stage 13.0 (TID 12) (DESKTOP-3DFKSNQ, executor driver, partition 0, PROCESS_LOCAL, 7954 bytes) 
23/08/09 01:16:35 INFO Executor: Running task 0.0 in stage 13.0 (TID 12)
23/08/09 01:16:35 INFO FileScanRDD: Reading File path: file:///C:/Users/ssshi/IdeaProjects/Assignment%201/Dataset/TestFile/SalesTestData.csv, range: 0-1524, partition values: [empty row]
23/08/09 01:16:35 INFO Executor: Finished task 0.0 in stage 13.0 (TID 12). 3596 bytes result sent to driver
23/08/09 01:16:35 INFO TaskSetManager: Finished task 0.0 in stage 13.0 (TID 12) in 174 ms on DESKTOP-3DFKSNQ (executor driver) (1/1)
23/08/09 01:16:35 INFO BlockManagerInfo: Removed broadcast_26_piece0 on DESKTOP-3DFKSNQ:50341 in memory (size: 5.9 KiB, free: 890.8 MiB)
23/08/09 01:16:35 INFO TaskSchedulerImpl: Removed TaskSet 13.0, whose tasks have all completed, from pool 
23/08/09 01:16:35 INFO DAGScheduler: ShuffleMapStage 13 (show at Assignment1Test.java:54) finished in 0.199 s
23/08/09 01:16:35 INFO DAGScheduler: looking for newly runnable stages
23/08/09 01:16:35 INFO DAGScheduler: running: Set()
23/08/09 01:16:35 INFO DAGScheduler: waiting: Set()
23/08/09 01:16:35 INFO DAGScheduler: failed: Set()
23/08/09 01:16:35 INFO BlockManagerInfo: Removed broadcast_25_piece0 on DESKTOP-3DFKSNQ:50341 in memory (size: 34.1 KiB, free: 890.8 MiB)
23/08/09 01:16:35 INFO BlockManagerInfo: Removed broadcast_28_piece0 on DESKTOP-3DFKSNQ:50341 in memory (size: 7.2 KiB, free: 890.8 MiB)
23/08/09 01:16:35 INFO ShufflePartitionsUtil: For shuffle(1), advisory target size: 67108864, actual target size 1048576, minimum partition size: 1048576
23/08/09 01:16:35 INFO BlockManagerInfo: Removed broadcast_23_piece0 on DESKTOP-3DFKSNQ:50341 in memory (size: 34.1 KiB, free: 890.8 MiB)
23/08/09 01:16:35 INFO BlockManagerInfo: Removed broadcast_24_piece0 on DESKTOP-3DFKSNQ:50341 in memory (size: 9.7 KiB, free: 890.8 MiB)
23/08/09 01:16:35 INFO HashAggregateExec: spark.sql.codegen.aggregate.map.twolevel.enabled is set to true, but current version of codegened fast hashmap does not support this aggregate.
23/08/09 01:16:35 INFO CodeGenerator: Code generated in 37.4957 ms
23/08/09 01:16:35 INFO SparkContext: Starting job: show at Assignment1Test.java:54
23/08/09 01:16:35 INFO DAGScheduler: Got job 13 (show at Assignment1Test.java:54) with 1 output partitions
23/08/09 01:16:35 INFO DAGScheduler: Final stage: ResultStage 15 (show at Assignment1Test.java:54)
23/08/09 01:16:35 INFO DAGScheduler: Parents of final stage: List(ShuffleMapStage 14)
23/08/09 01:16:35 INFO DAGScheduler: Missing parents: List()
23/08/09 01:16:35 INFO DAGScheduler: Submitting ResultStage 15 (MapPartitionsRDD[82] at show at Assignment1Test.java:54), which has no missing parents
23/08/09 01:16:35 INFO MemoryStore: Block broadcast_32 stored as values in memory (estimated size 65.7 KiB, free 885.3 MiB)
23/08/09 01:16:35 INFO MemoryStore: Block broadcast_32_piece0 stored as bytes in memory (estimated size 27.6 KiB, free 885.3 MiB)
23/08/09 01:16:35 INFO BlockManagerInfo: Added broadcast_32_piece0 in memory on DESKTOP-3DFKSNQ:50341 (size: 27.6 KiB, free: 890.8 MiB)
23/08/09 01:16:35 INFO SparkContext: Created broadcast 32 from broadcast at DAGScheduler.scala:1535
23/08/09 01:16:35 INFO DAGScheduler: Submitting 1 missing tasks from ResultStage 15 (MapPartitionsRDD[82] at show at Assignment1Test.java:54) (first 15 tasks are for partitions Vector(0))
23/08/09 01:16:35 INFO TaskSchedulerImpl: Adding task set 15.0 with 1 tasks resource profile 0
23/08/09 01:16:35 INFO TaskSetManager: Starting task 0.0 in stage 15.0 (TID 13) (DESKTOP-3DFKSNQ, executor driver, partition 0, NODE_LOCAL, 7363 bytes) 
23/08/09 01:16:35 INFO Executor: Running task 0.0 in stage 15.0 (TID 13)
23/08/09 01:16:35 INFO ShuffleBlockFetcherIterator: Getting 1 (852.0 B) non-empty blocks including 1 (852.0 B) local and 0 (0.0 B) host-local and 0 (0.0 B) push-merged-local and 0 (0.0 B) remote blocks
23/08/09 01:16:35 INFO ShuffleBlockFetcherIterator: Started 0 remote fetches in 1 ms
23/08/09 01:16:35 INFO Executor: Finished task 0.0 in stage 15.0 (TID 13). 6125 bytes result sent to driver
23/08/09 01:16:35 INFO TaskSetManager: Finished task 0.0 in stage 15.0 (TID 13) in 79 ms on DESKTOP-3DFKSNQ (executor driver) (1/1)
23/08/09 01:16:35 INFO TaskSchedulerImpl: Removed TaskSet 15.0, whose tasks have all completed, from pool 
23/08/09 01:16:35 INFO DAGScheduler: ResultStage 15 (show at Assignment1Test.java:54) finished in 0.104 s
23/08/09 01:16:35 INFO DAGScheduler: Job 13 is finished. Cancelling potential speculative or zombie tasks for this job
23/08/09 01:16:35 INFO TaskSchedulerImpl: Killing all running tasks in stage 15: Stage finished
23/08/09 01:16:35 INFO DAGScheduler: Job 13 finished: show at Assignment1Test.java:54, took 0.120969 s
23/08/09 01:16:35 INFO CodeGenerator: Code generated in 32.4462 ms
23/08/09 01:16:36 INFO FileSourceStrategy: Pushed Filters: 
23/08/09 01:16:36 INFO FileSourceStrategy: Post-Scan Filters: 
23/08/09 01:16:36 INFO FileSourceStrategy: Pushed Filters: IsNotNull(Order ID)
23/08/09 01:16:36 INFO FileSourceStrategy: Post-Scan Filters: isnotnull(Order ID#471)
23/08/09 01:16:36 INFO MemoryStore: Block broadcast_33 stored as values in memory (estimated size 349.1 KiB, free 885.0 MiB)
23/08/09 01:16:36 INFO MemoryStore: Block broadcast_33_piece0 stored as bytes in memory (estimated size 34.1 KiB, free 884.9 MiB)
23/08/09 01:16:36 INFO BlockManagerInfo: Added broadcast_33_piece0 in memory on DESKTOP-3DFKSNQ:50341 (size: 34.1 KiB, free: 890.8 MiB)
23/08/09 01:16:36 INFO SparkContext: Created broadcast 33 from $anonfun$withThreadLocalCaptured$1 at FutureTask.java:266
23/08/09 01:16:36 INFO FileSourceScanExec: Planning scan with bin packing, max size: 4194304 bytes, open cost is considered as scanning 4194304 bytes.
23/08/09 01:16:36 INFO SparkContext: Starting job: $anonfun$withThreadLocalCaptured$1 at FutureTask.java:266
23/08/09 01:16:36 INFO DAGScheduler: Got job 14 ($anonfun$withThreadLocalCaptured$1 at FutureTask.java:266) with 1 output partitions
23/08/09 01:16:36 INFO DAGScheduler: Final stage: ResultStage 16 ($anonfun$withThreadLocalCaptured$1 at FutureTask.java:266)
23/08/09 01:16:36 INFO DAGScheduler: Parents of final stage: List()
23/08/09 01:16:36 INFO DAGScheduler: Missing parents: List()
23/08/09 01:16:36 INFO DAGScheduler: Submitting ResultStage 16 (MapPartitionsRDD[86] at $anonfun$withThreadLocalCaptured$1 at FutureTask.java:266), which has no missing parents
23/08/09 01:16:36 INFO MemoryStore: Block broadcast_34 stored as values in memory (estimated size 14.0 KiB, free 884.9 MiB)
23/08/09 01:16:36 INFO MemoryStore: Block broadcast_34_piece0 stored as bytes in memory (estimated size 7.2 KiB, free 884.9 MiB)
23/08/09 01:16:36 INFO BlockManagerInfo: Added broadcast_34_piece0 in memory on DESKTOP-3DFKSNQ:50341 (size: 7.2 KiB, free: 890.8 MiB)
23/08/09 01:16:36 INFO SparkContext: Created broadcast 34 from broadcast at DAGScheduler.scala:1535
23/08/09 01:16:36 INFO DAGScheduler: Submitting 1 missing tasks from ResultStage 16 (MapPartitionsRDD[86] at $anonfun$withThreadLocalCaptured$1 at FutureTask.java:266) (first 15 tasks are for partitions Vector(0))
23/08/09 01:16:36 INFO TaskSchedulerImpl: Adding task set 16.0 with 1 tasks resource profile 0
23/08/09 01:16:36 INFO TaskSetManager: Starting task 0.0 in stage 16.0 (TID 14) (DESKTOP-3DFKSNQ, executor driver, partition 0, PROCESS_LOCAL, 7967 bytes) 
23/08/09 01:16:36 INFO Executor: Running task 0.0 in stage 16.0 (TID 14)
23/08/09 01:16:36 INFO FileScanRDD: Reading File path: file:///C:/Users/ssshi/IdeaProjects/Assignment%201/Dataset/TestFile/ReturnsTestData.csv, range: 0-107, partition values: [empty row]
23/08/09 01:16:36 INFO Executor: Finished task 0.0 in stage 16.0 (TID 14). 1611 bytes result sent to driver
23/08/09 01:16:36 INFO TaskSetManager: Finished task 0.0 in stage 16.0 (TID 14) in 36 ms on DESKTOP-3DFKSNQ (executor driver) (1/1)
23/08/09 01:16:36 INFO TaskSchedulerImpl: Removed TaskSet 16.0, whose tasks have all completed, from pool 
23/08/09 01:16:36 INFO DAGScheduler: ResultStage 16 ($anonfun$withThreadLocalCaptured$1 at FutureTask.java:266) finished in 0.048 s
23/08/09 01:16:36 INFO DAGScheduler: Job 14 is finished. Cancelling potential speculative or zombie tasks for this job
23/08/09 01:16:36 INFO TaskSchedulerImpl: Killing all running tasks in stage 16: Stage finished
23/08/09 01:16:36 INFO DAGScheduler: Job 14 finished: $anonfun$withThreadLocalCaptured$1 at FutureTask.java:266, took 0.051828 s
23/08/09 01:16:36 INFO MemoryStore: Block broadcast_35 stored as values in memory (estimated size 4.0 MiB, free 880.9 MiB)
23/08/09 01:16:36 INFO MemoryStore: Block broadcast_35_piece0 stored as bytes in memory (estimated size 301.0 B, free 880.9 MiB)
23/08/09 01:16:36 INFO BlockManagerInfo: Added broadcast_35_piece0 in memory on DESKTOP-3DFKSNQ:50341 (size: 301.0 B, free: 890.8 MiB)
23/08/09 01:16:36 INFO SparkContext: Created broadcast 35 from $anonfun$withThreadLocalCaptured$1 at FutureTask.java:266
23/08/09 01:16:36 INFO FileSourceStrategy: Pushed Filters: 
23/08/09 01:16:36 INFO FileSourceStrategy: Post-Scan Filters: 
23/08/09 01:16:36 INFO HashAggregateExec: spark.sql.codegen.aggregate.map.twolevel.enabled is set to true, but current version of codegened fast hashmap does not support this aggregate.
23/08/09 01:16:36 INFO CodeGenerator: Code generated in 48.0209 ms
23/08/09 01:16:36 INFO MemoryStore: Block broadcast_36 stored as values in memory (estimated size 349.1 KiB, free 880.6 MiB)
23/08/09 01:16:36 INFO MemoryStore: Block broadcast_36_piece0 stored as bytes in memory (estimated size 34.1 KiB, free 880.5 MiB)
23/08/09 01:16:36 INFO BlockManagerInfo: Added broadcast_36_piece0 in memory on DESKTOP-3DFKSNQ:50341 (size: 34.1 KiB, free: 890.7 MiB)
23/08/09 01:16:36 INFO SparkContext: Created broadcast 36 from count at Assignment1Test.java:57
23/08/09 01:16:36 INFO FileSourceScanExec: Planning scan with bin packing, max size: 4194304 bytes, open cost is considered as scanning 4194304 bytes.
23/08/09 01:16:36 INFO DAGScheduler: Registering RDD 90 (count at Assignment1Test.java:57) as input to shuffle 2
23/08/09 01:16:36 INFO DAGScheduler: Got map stage job 15 (count at Assignment1Test.java:57) with 1 output partitions
23/08/09 01:16:36 INFO DAGScheduler: Final stage: ShuffleMapStage 17 (count at Assignment1Test.java:57)
23/08/09 01:16:36 INFO DAGScheduler: Parents of final stage: List()
23/08/09 01:16:36 INFO DAGScheduler: Missing parents: List()
23/08/09 01:16:36 INFO DAGScheduler: Submitting ShuffleMapStage 17 (MapPartitionsRDD[90] at count at Assignment1Test.java:57), which has no missing parents
23/08/09 01:16:36 INFO MemoryStore: Block broadcast_37 stored as values in memory (estimated size 53.1 KiB, free 880.5 MiB)
23/08/09 01:16:36 INFO MemoryStore: Block broadcast_37_piece0 stored as bytes in memory (estimated size 23.1 KiB, free 880.5 MiB)
23/08/09 01:16:36 INFO BlockManagerInfo: Added broadcast_37_piece0 in memory on DESKTOP-3DFKSNQ:50341 (size: 23.1 KiB, free: 890.7 MiB)
23/08/09 01:16:36 INFO SparkContext: Created broadcast 37 from broadcast at DAGScheduler.scala:1535
23/08/09 01:16:36 INFO DAGScheduler: Submitting 1 missing tasks from ShuffleMapStage 17 (MapPartitionsRDD[90] at count at Assignment1Test.java:57) (first 15 tasks are for partitions Vector(0))
23/08/09 01:16:36 INFO TaskSchedulerImpl: Adding task set 17.0 with 1 tasks resource profile 0
23/08/09 01:16:36 INFO TaskSetManager: Starting task 0.0 in stage 17.0 (TID 15) (DESKTOP-3DFKSNQ, executor driver, partition 0, PROCESS_LOCAL, 7954 bytes) 
23/08/09 01:16:36 INFO Executor: Running task 0.0 in stage 17.0 (TID 15)
23/08/09 01:16:36 INFO CodeGenerator: Code generated in 19.5698 ms
23/08/09 01:16:36 INFO FileScanRDD: Reading File path: file:///C:/Users/ssshi/IdeaProjects/Assignment%201/Dataset/TestFile/SalesTestData.csv, range: 0-1524, partition values: [empty row]
23/08/09 01:16:36 INFO Executor: Finished task 0.0 in stage 17.0 (TID 15). 3510 bytes result sent to driver
23/08/09 01:16:36 INFO TaskSetManager: Finished task 0.0 in stage 17.0 (TID 15) in 146 ms on DESKTOP-3DFKSNQ (executor driver) (1/1)
23/08/09 01:16:36 INFO TaskSchedulerImpl: Removed TaskSet 17.0, whose tasks have all completed, from pool 
23/08/09 01:16:36 INFO DAGScheduler: ShuffleMapStage 17 (count at Assignment1Test.java:57) finished in 0.165 s
23/08/09 01:16:36 INFO DAGScheduler: looking for newly runnable stages
23/08/09 01:16:36 INFO DAGScheduler: running: Set()
23/08/09 01:16:36 INFO DAGScheduler: waiting: Set()
23/08/09 01:16:36 INFO DAGScheduler: failed: Set()
23/08/09 01:16:36 INFO ShufflePartitionsUtil: For shuffle(2), advisory target size: 67108864, actual target size 1048576, minimum partition size: 1048576
23/08/09 01:16:36 INFO HashAggregateExec: spark.sql.codegen.aggregate.map.twolevel.enabled is set to true, but current version of codegened fast hashmap does not support this aggregate.
23/08/09 01:16:36 INFO CodeGenerator: Code generated in 68.1255 ms
23/08/09 01:16:36 INFO DAGScheduler: Registering RDD 93 (count at Assignment1Test.java:57) as input to shuffle 3
23/08/09 01:16:36 INFO DAGScheduler: Got map stage job 16 (count at Assignment1Test.java:57) with 1 output partitions
23/08/09 01:16:36 INFO DAGScheduler: Final stage: ShuffleMapStage 19 (count at Assignment1Test.java:57)
23/08/09 01:16:36 INFO DAGScheduler: Parents of final stage: List(ShuffleMapStage 18)
23/08/09 01:16:36 INFO DAGScheduler: Missing parents: List()
23/08/09 01:16:36 INFO DAGScheduler: Submitting ShuffleMapStage 19 (MapPartitionsRDD[93] at count at Assignment1Test.java:57), which has no missing parents
23/08/09 01:16:36 INFO MemoryStore: Block broadcast_38 stored as values in memory (estimated size 54.4 KiB, free 880.4 MiB)
23/08/09 01:16:36 INFO MemoryStore: Block broadcast_38_piece0 stored as bytes in memory (estimated size 24.4 KiB, free 880.4 MiB)
23/08/09 01:16:36 INFO BlockManagerInfo: Added broadcast_38_piece0 in memory on DESKTOP-3DFKSNQ:50341 (size: 24.4 KiB, free: 890.7 MiB)
23/08/09 01:16:36 INFO SparkContext: Created broadcast 38 from broadcast at DAGScheduler.scala:1535
23/08/09 01:16:36 INFO DAGScheduler: Submitting 1 missing tasks from ShuffleMapStage 19 (MapPartitionsRDD[93] at count at Assignment1Test.java:57) (first 15 tasks are for partitions Vector(0))
23/08/09 01:16:36 INFO TaskSchedulerImpl: Adding task set 19.0 with 1 tasks resource profile 0
23/08/09 01:16:36 INFO TaskSetManager: Starting task 0.0 in stage 19.0 (TID 16) (DESKTOP-3DFKSNQ, executor driver, partition 0, NODE_LOCAL, 7352 bytes) 
23/08/09 01:16:36 INFO Executor: Running task 0.0 in stage 19.0 (TID 16)
23/08/09 01:16:36 INFO ShuffleBlockFetcherIterator: Getting 1 (774.0 B) non-empty blocks including 1 (774.0 B) local and 0 (0.0 B) host-local and 0 (0.0 B) push-merged-local and 0 (0.0 B) remote blocks
23/08/09 01:16:36 INFO ShuffleBlockFetcherIterator: Started 0 remote fetches in 1 ms
23/08/09 01:16:36 INFO Executor: Finished task 0.0 in stage 19.0 (TID 16). 6383 bytes result sent to driver
23/08/09 01:16:36 INFO TaskSetManager: Finished task 0.0 in stage 19.0 (TID 16) in 123 ms on DESKTOP-3DFKSNQ (executor driver) (1/1)
23/08/09 01:16:36 INFO TaskSchedulerImpl: Removed TaskSet 19.0, whose tasks have all completed, from pool 
23/08/09 01:16:36 INFO DAGScheduler: ShuffleMapStage 19 (count at Assignment1Test.java:57) finished in 0.145 s
23/08/09 01:16:36 INFO DAGScheduler: looking for newly runnable stages
23/08/09 01:16:36 INFO DAGScheduler: running: Set()
23/08/09 01:16:36 INFO DAGScheduler: waiting: Set()
23/08/09 01:16:36 INFO DAGScheduler: failed: Set()
23/08/09 01:16:36 INFO CodeGenerator: Code generated in 16.1523 ms
23/08/09 01:16:36 INFO SparkContext: Starting job: count at Assignment1Test.java:57
23/08/09 01:16:36 INFO DAGScheduler: Got job 17 (count at Assignment1Test.java:57) with 1 output partitions
23/08/09 01:16:36 INFO DAGScheduler: Final stage: ResultStage 22 (count at Assignment1Test.java:57)
23/08/09 01:16:36 INFO DAGScheduler: Parents of final stage: List(ShuffleMapStage 21)
23/08/09 01:16:36 INFO DAGScheduler: Missing parents: List()
23/08/09 01:16:36 INFO DAGScheduler: Submitting ResultStage 22 (MapPartitionsRDD[96] at count at Assignment1Test.java:57), which has no missing parents
23/08/09 01:16:36 INFO MemoryStore: Block broadcast_39 stored as values in memory (estimated size 12.1 KiB, free 880.4 MiB)
23/08/09 01:16:36 INFO MemoryStore: Block broadcast_39_piece0 stored as bytes in memory (estimated size 5.8 KiB, free 880.4 MiB)
23/08/09 01:16:36 INFO BlockManagerInfo: Added broadcast_39_piece0 in memory on DESKTOP-3DFKSNQ:50341 (size: 5.8 KiB, free: 890.7 MiB)
23/08/09 01:16:36 INFO SparkContext: Created broadcast 39 from broadcast at DAGScheduler.scala:1535
23/08/09 01:16:36 INFO DAGScheduler: Submitting 1 missing tasks from ResultStage 22 (MapPartitionsRDD[96] at count at Assignment1Test.java:57) (first 15 tasks are for partitions Vector(0))
23/08/09 01:16:36 INFO TaskSchedulerImpl: Adding task set 22.0 with 1 tasks resource profile 0
23/08/09 01:16:36 INFO TaskSetManager: Starting task 0.0 in stage 22.0 (TID 17) (DESKTOP-3DFKSNQ, executor driver, partition 0, NODE_LOCAL, 7363 bytes) 
23/08/09 01:16:36 INFO Executor: Running task 0.0 in stage 22.0 (TID 17)
23/08/09 01:16:37 INFO ShuffleBlockFetcherIterator: Getting 1 (60.0 B) non-empty blocks including 1 (60.0 B) local and 0 (0.0 B) host-local and 0 (0.0 B) push-merged-local and 0 (0.0 B) remote blocks
23/08/09 01:16:37 INFO ShuffleBlockFetcherIterator: Started 0 remote fetches in 1 ms
23/08/09 01:16:37 INFO Executor: Finished task 0.0 in stage 22.0 (TID 17). 3909 bytes result sent to driver
23/08/09 01:16:37 INFO TaskSetManager: Finished task 0.0 in stage 22.0 (TID 17) in 28 ms on DESKTOP-3DFKSNQ (executor driver) (1/1)
23/08/09 01:16:37 INFO TaskSchedulerImpl: Removed TaskSet 22.0, whose tasks have all completed, from pool 
23/08/09 01:16:37 INFO DAGScheduler: ResultStage 22 (count at Assignment1Test.java:57) finished in 0.041 s
23/08/09 01:16:37 INFO DAGScheduler: Job 17 is finished. Cancelling potential speculative or zombie tasks for this job
23/08/09 01:16:37 INFO TaskSchedulerImpl: Killing all running tasks in stage 22: Stage finished
23/08/09 01:16:37 INFO DAGScheduler: Job 17 finished: count at Assignment1Test.java:57, took 0.046443 s
]]></system-err>
  </testcase>
</testsuite>